
==============================================================

Configured with  :  ./configure dummy make 

Detected options :  DEBUG  daveti-hack-debug 

==============================================================

-> sarpd 0.0.9-devel

-> running on Linux 3.2.0-56-generic x86_64
-> glibc version 2.15
-> compiled with gcc 4.6


DEVICE OPENED FOR sarpd DEBUGGING

[10822]	main -- here we go !!
[10822]	signal_handler activated
[10822]	parse_options -- [0] [/root/git/master/src/sarpd]
[10822]	parse_options -- [1] [-c]
[10822]	parse_options -- [2] [/root/sarp/etc/sarpd/sarpd_conf]
[10822]	parse_options -- [3] [-k]
[10822]	parse_options -- [4] [/root/sarp/etc/sarpd/known_hosts]
[10822]	check_configuration
[10822]	daemonize
[10822]	daemon -- here we go !!
[10822]	capture_init
[10822]	load_ifs: 2 iface loaded
[10822]	load_configuration
[10822]	flushing old known hosts
[10822]	loading new known hosts from /root/sarp/etc/sarpd/known_hosts
[10822]	load_conf /root/sarp/etc/sarpd/sarpd_conf
[10822]	CAKey -- /root/sarp/etc/sarpd/arpsec02.ca.sarp.sarp
[10822]	crypto_load_sarp_file /root/sarp/etc/sarpd/arpsec02.ca.sarp.sarp
[10822]	SHA-1 time: 0 sec 14 usec
[10822]	DSA_verify time: 0 sec 342 usec
[10822]	crypto_verify_sign : success
[10822]	crypto_load_sarp_file result: 0x7106df80 B8:CA:3A:8E:38:44
[10822]	key_add: add 0x7106df80
[10822]	ca_add 0x7106df80 B8:CA:3A:8E:38:44 on eth1
[10822]	ca_add: add eth1
[10822]	MYKey -- /root/sarp/etc/sarpd/arpsec04.sarp
[10822]	DHCPKey -- /etc/sarpd/id_sarp_dhcp.sarp
[10822]	DHCP support not yet implemented
[10822]	KEYDir -- /root/sarp/etc/sarpd/hosts
[10822]	crypto_init : calculating DSA kinv and r
[10822]	crypto_init : initialized | our key is 1024 bits
[10822]	neigh_disable_kernel
[10822]	neigh_flush_all_tables
[10822]	neigh_flush_table eth0
[10822]	neigh_flush_table eth1
[10822]	*** deleting 2 entries ***
[10822]	sarp_send_time_request
[10822]	get CA key eth1
[10822]	send_to_wire eth1
[10822]	send_to_wire: len = 12 : 12 0 0
[10822]	send_to_wire: total len 0x0036
[10822]	neverending loop (capture)
[10822]	
***************************************************************

[10822]	sarp_get (one packet dispatched from pcap)
[10822]	CAPTURED: 0x0066 bytes

 0000: 0000 0001 0006 b8ca 3a8e 3844 0000 0806  ........:.8D....
 0010: 0001 0800 0604 00ff 0000 0000 0000 80df  ................
 0020: 0671 b8ca 3a8e 39b3 0200 0000 7599 e11e  .q..:.9.....u...
 0030: 022e 0000 5276 d162 302c 0214 6e76 df07  ....Rv.b0,..nv..
 0040: ca7a 0cfe c3f6 72c0 bb2a 9e45 6226 bfe0  .z....r..*.Eb&..
 0050: 0214 0603 a3bb a1b3 56f5 da9e d1ec 6555  ........V.....eU
 0060: 1b77 6663 83a9                           .wfc..


[10822]	OOR: 0x0040 bytes

 0000: 0000 0000 0000 0000 0000 0000 0000 0000  ................
 0010: 0000 0000 0000 0000 0000 0000 0000 0000  ................
 0020: 0000 0000 0000 0000 0000 0000 0000 0000  ................
 0030: 0000 0000 0000 0000 0000 0000 0000 0000  ................


[10822]	PCAP real 0x0066 virtual [0x0066]
[10822]	SARP OPERATION
[10822]	 --> sha       00:00:00:00:00:00
[10822]	 --> spa       128.223.6.113
[10822]	 --> tha       B8:CA:3A:8E:39:B3
[10822]	 --> tpa       2.0.0.0
[10822]	 --> magic     0x7599e11e
[10822]	 --> type      0x02
[10822]	 --> datalen   0
[10822]	 --> siglen    46
[10822]	 --> timestamp 1383518562
[10822]	SARPOP_TIME_REPLY
[10822]	sarp_op_time_reply
[10822]	sarp_verify_ca_sign
[10822]	get CA key eth1
[10822]	sarp_verify_ca_sign: slen 40 datalen 0 siglen 46
[10822]	VERIFY:

 0000: 302c 0214 6e76 df07 ca7a 0cfe c3f6 72c0  0,..nv...z....r.
 0010: bb2a 9e45 6226 bfe0 0214 0603 a3bb a1b3  .*.Eb&..........
 0020: 56f5 da9e d1ec 6555 1b77 6663 83a9       V.....eU.wfc..

[10822]	SHA-1 time: 0 sec 2 usec
[10822]	DSA_verify time: 0 sec 316 usec
[10822]	crypto_verify_sign : success
[10822]	sarp_set_delta: adjusting -32 sec
[10822]	
***************************************************************

[10822]	sarp_get (one packet dispatched from pcap)
[10822]	CAPTURED: 0x003e bytes

 0000: 0001 0001 0006 00d0 0195 e000 0000 0806  ................
 0010: 0001 0800 0604 0001 00d0 0195 e000 80df  ................
 0020: 0602 0000 0000 0000 80df 0670 0000 0000  ...........p....
 0030: 0000 0000 0000 0000 0000 0000 0000       ..............


[10822]	OOR: 0x0040 bytes

 0000: 0000 0000 0000 0000 0000 0000 0000 0000  ................
 0010: 0000 0000 0000 0000 0000 0000 0000 0000  ................
 0020: 0000 0000 0000 0000 0000 0000 0000 0000  ................
 0030: 0000 0000 0000 0000 0000 0000 0000 0000  ................


[10822]	PCAP real 0x003e virtual [0x002c]
[10822]	ARP REQUEST
[10822]	 --> sha  00:D0:01:95:E0:00
[10822]	 --> spa  128.223.6.2
[10822]	 --> tha  00:00:00:00:00:00
[10822]	 --> tpa  128.223.6.112
[10822]	daveti: arp_request done
[10822]	
***************************************************************

[10822]	sarp_get (one packet dispatched from pcap)
[10822]	CAPTURED: 0x003e bytes

 0000: 0001 0001 0006 00d0 0195 dc00 0000 0806  ................
 0010: 0001 0800 0604 0001 00d0 0195 dc00 80df  ................
 0020: 0603 0000 0000 0000 80df 0670 0000 0000  ...........p....
 0030: 0000 0000 0000 0000 0000 0000 0000       ..............


[10822]	OOR: 0x0040 bytes

 0000: 0000 0000 0000 0000 0000 0000 0000 0000  ................
 0010: 0000 0000 0000 0000 0000 0000 0000 0000  ................
 0020: 0000 0000 0000 0000 0000 0000 0000 0000  ................
 0030: 0000 0000 0000 0000 0000 0000 0000 0000  ................


[10822]	PCAP real 0x003e virtual [0x002c]
[10822]	ARP REQUEST
[10822]	 --> sha  00:D0:01:95:DC:00
[10822]	 --> spa  128.223.6.3
[10822]	 --> tha  00:00:00:00:00:00
[10822]	 --> tpa  128.223.6.112
[10822]	daveti: arp_request done
[10822]	
***************************************************************

[10822]	sarp_get (one packet dispatched from pcap)
[10822]	CAPTURED: 0x003e bytes

 0000: 0001 0001 0006 70cd 60f2 f0b2 0000 0806  ......p.`.......
 0010: 0001 0800 0604 0001 70cd 60f2 f0b2 80df  ........p.`.....
 0020: 06c1 0000 0000 0000 80df 0609 0000 0000  ................
 0030: 0000 0000 0000 0000 0000 0000 0000       ..............


[10822]	OOR: 0x0040 bytes

 0000: 0000 0000 0000 0000 0000 0000 0000 0000  ................
 0010: 0000 0000 0000 0000 0000 0000 0000 0000  ................
 0020: 0000 0000 0000 0000 0000 0000 0000 0000  ................
 0030: 0000 0000 0000 0000 0000 0000 0000 0000  ................


[10822]	PCAP real 0x003e virtual [0x002c]
[10822]	ARP REQUEST
[10822]	 --> sha  70:CD:60:F2:F0:B2
[10822]	 --> spa  128.223.6.193
[10822]	 --> tha  00:00:00:00:00:00
[10822]	 --> tpa  128.223.6.9
[10822]	daveti: arp_request done
[10822]	
***************************************************************

[10822]	sarp_get (one packet dispatched from pcap)
[10822]	CAPTURED: 0x003e bytes

 0000: 0001 0001 0006 c82a 140e 6528 0000 0806  .......*..e(....
 0010: 0001 0800 0604 0001 c82a 140e 6528 80df  .........*..e(..
 0020: 06e9 0000 0000 0000 80df 0601 0000 0000  ................
 0030: 0000 0000 0000 0000 0000 0000 0000       ..............


[10822]	OOR: 0x0040 bytes

 0000: 0000 0000 0000 0000 0000 0000 0000 0000  ................
 0010: 0000 0000 0000 0000 0000 0000 0000 0000  ................
 0020: 0000 0000 0000 0000 0000 0000 0000 0000  ................
 0030: 0000 0000 0000 0000 0000 0000 0000 0000  ................


[10822]	PCAP real 0x003e virtual [0x002c]
[10822]	ARP REQUEST
[10822]	 --> sha  C8:2A:14:0E:65:28
[10822]	 --> spa  128.223.6.233
[10822]	 --> tha  00:00:00:00:00:00
[10822]	 --> tpa  128.223.6.1
[10822]	daveti: arp_request done
[10822]	
***************************************************************

[10822]	sarp_get (one packet dispatched from pcap)
[10822]	CAPTURED: 0x002c bytes

 0000: 0004 0001 0006 b8ca 3a8e 39b3 0000 0806  ........:.9.....
 0010: 0001 0800 0604 0001 b8ca 3a8e 39b3 80df  ..........:.9...
 0020: 0672 0000 0000 0000 80df 0601            .r..........


[10822]	OOR: 0x0040 bytes

 0000: 0000 0000 0000 0000 0000 0000 0000 0000  ................
 0010: 0000 0000 0000 0000 0000 0000 0000 0000  ................
 0020: 0000 0000 0000 0000 0000 0000 0000 0000  ................
 0030: 0000 0000 0000 0000 0000 0000 0000 0000  ................


[10822]	PCAP real 0x002c virtual [0x002c]
[10822]	ARP REQUEST
[10822]	 --> sha  B8:CA:3A:8E:39:B3
[10822]	 --> spa  128.223.6.114
[10822]	 --> tha  00:00:00:00:00:00
[10822]	 --> tpa  128.223.6.1
[10822]	daveti: arp_request done
[10822]	
***************************************************************

[10822]	sarp_get (one packet dispatched from pcap)
[10822]	CAPTURED: 0x002c bytes

 0000: 0004 0001 0006 b8ca 3a8e 39b3 0000 0806  ........:.9.....
 0010: 0001 0800 0604 0001 b8ca 3a8e 39b3 80df  ..........:.9...
 0020: 0672 0000 0000 0000 80df 0609            .r..........


[10822]	OOR: 0x0040 bytes

 0000: 0000 0000 0000 0000 0000 0000 0000 0000  ................
 0010: 0000 0000 0000 0000 0000 0000 0000 0000  ................
 0020: 0000 0000 0000 0000 0000 0000 0000 0000  ................
 0030: 0000 0000 0000 0000 0000 0000 0000 0000  ................


[10822]	PCAP real 0x002c virtual [0x002c]
[10822]	ARP REQUEST
[10822]	 --> sha  B8:CA:3A:8E:39:B3
[10822]	 --> spa  128.223.6.114
[10822]	 --> tha  00:00:00:00:00:00
[10822]	 --> tpa  128.223.6.9
[10822]	daveti: arp_request done
[10822]	
***************************************************************

[10822]	sarp_get (one packet dispatched from pcap)
[10822]	CAPTURED: 0x003e bytes

 0000: 0000 0001 0006 0003 bac0 f579 0000 0806  ...........y....
 0010: 0001 0800 0604 0002 0003 bac0 f579 80df  .............y..
 0020: 0609 b8ca 3a8e 39b3 80df 0672 0000 0000  ....:.9....r....
 0030: 0000 0000 0000 0000 0000 0000 0000       ..............


[10822]	OOR: 0x0040 bytes

 0000: 0000 0000 0000 0000 0000 0000 0000 0000  ................
 0010: 0000 0000 0000 0000 0000 0000 0000 0000  ................
 0020: 0000 0000 0000 0000 0000 0000 0000 0000  ................
 0030: 0000 0000 0000 0000 0000 0000 0000 0000  ................


[10822]	PCAP real 0x003e virtual [0x002c]
[10822]	arp_reply
[10822]	ARP REPLY
[10822]	 --> sha  00:03:BA:C0:F5:79
[10822]	 --> spa  128.223.6.9
[10822]	 --> tha  B8:CA:3A:8E:39:B3
[10822]	 --> tpa  128.223.6.114
[10822]	search_known_hosts 00:03:BA:C0:F5:79 0x0906df80
[10822]	neigh add 00:03:BA:C0:F5:79 128.223.6.9 eth1
[10822]	daveti: arp_reply done
[10822]	
***************************************************************

[10822]	sarp_get (one packet dispatched from pcap)
[10822]	CAPTURED: 0x003e bytes

 0000: 0000 0001 0006 0000 5e00 0101 0000 0806  ........^.......
 0010: 0001 0800 0604 0002 0000 5e00 0101 80df  ..........^.....
 0020: 0601 b8ca 3a8e 39b3 80df 0672 0000 0000  ....:.9....r....
 0030: 0000 0000 0000 0000 0000 0000 0000       ..............


[10822]	OOR: 0x0040 bytes

 0000: 0000 0000 0000 0000 0000 0000 0000 0000  ................
 0010: 0000 0000 0000 0000 0000 0000 0000 0000  ................
 0020: 0000 0000 0000 0000 0000 0000 0000 0000  ................
 0030: 0000 0000 0000 0000 0000 0000 0000 0000  ................


[10822]	PCAP real 0x003e virtual [0x002c]
[10822]	arp_reply
[10822]	ARP REPLY
[10822]	 --> sha  00:00:5E:00:01:01
[10822]	 --> spa  128.223.6.1
[10822]	 --> tha  B8:CA:3A:8E:39:B3
[10822]	 --> tpa  128.223.6.114
[10822]	search_known_hosts 00:00:5E:00:01:01 0x0106df80
[10822]	neigh add 00:00:5E:00:01:01 128.223.6.1 eth1
[10822]	daveti: arp_reply done
[10822]	
***************************************************************

[10822]	sarp_get (one packet dispatched from pcap)
[10822]	CAPTURED: 0x003e bytes

 0000: 0001 0001 0006 00d0 0195 e000 0000 0806  ................
 0010: 0001 0800 0604 0001 00d0 0195 e000 80df  ................
 0020: 0602 0000 0000 0000 80df 0670 0000 0000  ...........p....
 0030: 0000 0000 0000 0000 0000 0000 0000       ..............


[10822]	OOR: 0x0040 bytes

 0000: 0000 0000 0000 0000 0000 0000 0000 0000  ................
 0010: 0000 0000 0000 0000 0000 0000 0000 0000  ................
 0020: 0000 0000 0000 0000 0000 0000 0000 0000  ................
 0030: 0000 0000 0000 0000 0000 0000 0000 0000  ................


[10822]	PCAP real 0x003e virtual [0x002c]
[10822]	ARP REQUEST
[10822]	 --> sha  00:D0:01:95:E0:00
[10822]	 --> spa  128.223.6.2
[10822]	 --> tha  00:00:00:00:00:00
[10822]	 --> tpa  128.223.6.112
[10822]	daveti: arp_request done
[10822]	
***************************************************************

[10822]	sarp_get (one packet dispatched from pcap)
[10822]	CAPTURED: 0x003e bytes

 0000: 0001 0001 0006 c82a 140e 6528 0000 0806  .......*..e(....
 0010: 0001 0800 0604 0001 c82a 140e 6528 80df  .........*..e(..
 0020: 06e9 0000 0000 0000 80df 0609 0000 0000  ................
 0030: 0000 0000 0000 0000 0000 0000 0000       ..............


[10822]	OOR: 0x0040 bytes

 0000: 0000 0000 0000 0000 0000 0000 0000 0000  ................
 0010: 0000 0000 0000 0000 0000 0000 0000 0000  ................
 0020: 0000 0000 0000 0000 0000 0000 0000 0000  ................
 0030: 0000 0000 0000 0000 0000 0000 0000 0000  ................


[10822]	PCAP real 0x003e virtual [0x002c]
[10822]	ARP REQUEST
[10822]	 --> sha  C8:2A:14:0E:65:28
[10822]	 --> spa  128.223.6.233
[10822]	 --> tha  00:00:00:00:00:00
[10822]	 --> tpa  128.223.6.9
[10822]	daveti: arp_request done
[10822]	
***************************************************************

[10822]	sarp_get (one packet dispatched from pcap)
[10822]	CAPTURED: 0x003e bytes

 0000: 0001 0001 0006 00d0 0195 e000 0000 0806  ................
 0010: 0001 0800 0604 0001 00d0 0195 e000 80df  ................
 0020: 0602 0000 0000 0000 80df 0670 0000 0000  ...........p....
 0030: 0000 0000 0000 0000 0000 0000 0000       ..............


[10822]	OOR: 0x0040 bytes

 0000: 0000 0000 0000 0000 0000 0000 0000 0000  ................
 0010: 0000 0000 0000 0000 0000 0000 0000 0000  ................
 0020: 0000 0000 0000 0000 0000 0000 0000 0000  ................
 0030: 0000 0000 0000 0000 0000 0000 0000 0000  ................


[10822]	PCAP real 0x003e virtual [0x002c]
[10822]	ARP REQUEST
[10822]	 --> sha  00:D0:01:95:E0:00
[10822]	 --> spa  128.223.6.2
[10822]	 --> tha  00:00:00:00:00:00
[10822]	 --> tpa  128.223.6.112
[10822]	daveti: arp_request done
[10822]	
***************************************************************

[10822]	sarp_get (one packet dispatched from pcap)
[10822]	CAPTURED: 0x003e bytes

 0000: 0001 0001 0006 00d0 0195 dc00 0000 0806  ................
 0010: 0001 0800 0604 0001 00d0 0195 dc00 80df  ................
 0020: 0603 0000 0000 0000 80df 06f9 0000 0000  ................
 0030: 0000 0000 0000 0000 0000 0000 0000       ..............


[10822]	OOR: 0x0040 bytes

 0000: 0000 0000 0000 0000 0000 0000 0000 0000  ................
 0010: 0000 0000 0000 0000 0000 0000 0000 0000  ................
 0020: 0000 0000 0000 0000 0000 0000 0000 0000  ................
 0030: 0000 0000 0000 0000 0000 0000 0000 0000  ................


[10822]	PCAP real 0x003e virtual [0x002c]
[10822]	ARP REQUEST
[10822]	 --> sha  00:D0:01:95:DC:00
[10822]	 --> spa  128.223.6.3
[10822]	 --> tha  00:00:00:00:00:00
[10822]	 --> tpa  128.223.6.249
[10822]	daveti: arp_request done
[10822]	
***************************************************************

[10822]	sarp_get (one packet dispatched from pcap)
[10822]	CAPTURED: 0x003e bytes

 0000: 0001 0001 0006 00d0 0195 dc00 0000 0806  ................
 0010: 0001 0800 0604 0001 00d0 0195 dc00 80df  ................
 0020: 0603 0000 0000 0000 80df 0627 0000 0000  ...........'....
 0030: 0000 0000 0000 0000 0000 0000 0000       ..............


[10822]	OOR: 0x0040 bytes

 0000: 0000 0000 0000 0000 0000 0000 0000 0000  ................
 0010: 0000 0000 0000 0000 0000 0000 0000 0000  ................
 0020: 0000 0000 0000 0000 0000 0000 0000 0000  ................
 0030: 0000 0000 0000 0000 0000 0000 0000 0000  ................


[10822]	PCAP real 0x003e virtual [0x002c]
[10822]	ARP REQUEST
[10822]	 --> sha  00:D0:01:95:DC:00
[10822]	 --> spa  128.223.6.3
[10822]	 --> tha  00:00:00:00:00:00
[10822]	 --> tpa  128.223.6.39
[10822]	daveti: arp_request done
[10822]	
***************************************************************

[10822]	sarp_get (one packet dispatched from pcap)
[10822]	CAPTURED: 0x003e bytes

 0000: 0001 0001 0006 70cd 60f2 f0b2 0000 0806  ......p.`.......
 0010: 0001 0800 0604 0001 70cd 60f2 f0b2 80df  ........p.`.....
 0020: 06c1 0000 0000 0000 80df 0601 0000 0000  ................
 0030: 0000 0000 0000 0000 0000 0000 0000       ..............


[10822]	OOR: 0x0040 bytes

 0000: 0000 0000 0000 0000 0000 0000 0000 0000  ................
 0010: 0000 0000 0000 0000 0000 0000 0000 0000  ................
 0020: 0000 0000 0000 0000 0000 0000 0000 0000  ................
 0030: 0000 0000 0000 0000 0000 0000 0000 0000  ................


[10822]	PCAP real 0x003e virtual [0x002c]
[10822]	ARP REQUEST
[10822]	 --> sha  70:CD:60:F2:F0:B2
[10822]	 --> spa  128.223.6.193
[10822]	 --> tha  00:00:00:00:00:00
[10822]	 --> tpa  128.223.6.1
[10822]	daveti: arp_request done
[10822]	
***************************************************************

[10822]	sarp_get (one packet dispatched from pcap)
[10822]	CAPTURED: 0x003e bytes

 0000: 0001 0001 0006 406c 8f3d ed74 0000 0806  ......@l.=.t....
 0010: 0001 0800 0604 0001 406c 8f3d ed74 80df  ........@l.=.t..
 0020: 06bb 0000 0000 0000 80df 0601 0000 0000  ................
 0030: 0000 0000 0000 0000 0000 0000 0000       ..............


[10822]	OOR: 0x0040 bytes

 0000: 0000 0000 0000 0000 0000 0000 0000 0000  ................
 0010: 0000 0000 0000 0000 0000 0000 0000 0000  ................
 0020: 0000 0000 0000 0000 0000 0000 0000 0000  ................
 0030: 0000 0000 0000 0000 0000 0000 0000 0000  ................


[10822]	PCAP real 0x003e virtual [0x002c]
[10822]	ARP REQUEST
[10822]	 --> sha  40:6C:8F:3D:ED:74
[10822]	 --> spa  128.223.6.187
[10822]	 --> tha  00:00:00:00:00:00
[10822]	 --> tpa  128.223.6.1
[10822]	daveti: arp_request done
[10822]	
***************************************************************

[10822]	sarp_get (one packet dispatched from pcap)
[10822]	CAPTURED: 0x003e bytes

 0000: 0001 0001 0006 00d0 0195 dc00 0000 0806  ................
 0010: 0001 0800 0604 0001 00d0 0195 dc00 80df  ................
 0020: 0603 0000 0000 0000 80df 06f9 0000 0000  ................
 0030: 0000 0000 0000 0000 0000 0000 0000       ..............


[10822]	OOR: 0x0040 bytes

 0000: 0000 0000 0000 0000 0000 0000 0000 0000  ................
 0010: 0000 0000 0000 0000 0000 0000 0000 0000  ................
 0020: 0000 0000 0000 0000 0000 0000 0000 0000  ................
 0030: 0000 0000 0000 0000 0000 0000 0000 0000  ................


[10822]	PCAP real 0x003e virtual [0x002c]
[10822]	ARP REQUEST
[10822]	 --> sha  00:D0:01:95:DC:00
[10822]	 --> spa  128.223.6.3
[10822]	 --> tha  00:00:00:00:00:00
[10822]	 --> tpa  128.223.6.249
[10822]	daveti: arp_request done
[10822]	
***************************************************************

[10822]	sarp_get (one packet dispatched from pcap)
[10822]	CAPTURED: 0x003e bytes

 0000: 0001 0001 0006 00d0 0195 dc00 0000 0806  ................
 0010: 0001 0800 0604 0001 00d0 0195 dc00 80df  ................
 0020: 0603 0000 0000 0000 80df 0670 0000 0000  ...........p....
 0030: 0000 0000 0000 0000 0000 0000 0000       ..............


[10822]	OOR: 0x0040 bytes

 0000: 0000 0000 0000 0000 0000 0000 0000 0000  ................
 0010: 0000 0000 0000 0000 0000 0000 0000 0000  ................
 0020: 0000 0000 0000 0000 0000 0000 0000 0000  ................
 0030: 0000 0000 0000 0000 0000 0000 0000 0000  ................


[10822]	PCAP real 0x003e virtual [0x002c]
[10822]	ARP REQUEST
[10822]	 --> sha  00:D0:01:95:DC:00
[10822]	 --> spa  128.223.6.3
[10822]	 --> tha  00:00:00:00:00:00
[10822]	 --> tpa  128.223.6.112
[10822]	daveti: arp_request done
[10822]	
***************************************************************

[10822]	sarp_get (one packet dispatched from pcap)
[10822]	CAPTURED: 0x003e bytes

 0000: 0001 0001 0006 70cd 60a9 f6b2 0000 0806  ......p.`.......
 0010: 0001 0800 0604 0001 70cd 60a9 f6b2 80df  ........p.`.....
 0020: 06f1 0000 0000 0000 80df 0601 0000 0000  ................
 0030: 0000 0000 0000 0000 0000 0000 0000       ..............


[10822]	OOR: 0x0040 bytes

 0000: 0000 0000 0000 0000 0000 0000 0000 0000  ................
 0010: 0000 0000 0000 0000 0000 0000 0000 0000  ................
 0020: 0000 0000 0000 0000 0000 0000 0000 0000  ................
 0030: 0000 0000 0000 0000 0000 0000 0000 0000  ................


[10822]	PCAP real 0x003e virtual [0x002c]
[10822]	ARP REQUEST
[10822]	 --> sha  70:CD:60:A9:F6:B2
[10822]	 --> spa  128.223.6.241
[10822]	 --> tha  00:00:00:00:00:00
[10822]	 --> tpa  128.223.6.1
[10822]	daveti: arp_request done
[10822]	
***************************************************************

[10822]	sarp_get (one packet dispatched from pcap)
[10822]	CAPTURED: 0x003e bytes

 0000: 0001 0001 0006 00d0 0195 dc00 0000 0806  ................
 0010: 0001 0800 0604 0001 00d0 0195 dc00 80df  ................
 0020: 0603 0000 0000 0000 80df 06f9 0000 0000  ................
 0030: 0000 0000 0000 0000 0000 0000 0000       ..............


[10822]	OOR: 0x0040 bytes

 0000: 0000 0000 0000 0000 0000 0000 0000 0000  ................
 0010: 0000 0000 0000 0000 0000 0000 0000 0000  ................
 0020: 0000 0000 0000 0000 0000 0000 0000 0000  ................
 0030: 0000 0000 0000 0000 0000 0000 0000 0000  ................


[10822]	PCAP real 0x003e virtual [0x002c]
[10822]	ARP REQUEST
[10822]	 --> sha  00:D0:01:95:DC:00
[10822]	 --> spa  128.223.6.3
[10822]	 --> tha  00:00:00:00:00:00
[10822]	 --> tpa  128.223.6.249
[10822]	daveti: arp_request done
[10822]	
***************************************************************

[10822]	sarp_get (one packet dispatched from pcap)
[10822]	CAPTURED: 0x003e bytes

 0000: 0001 0001 0006 00d0 0195 dc00 0000 0806  ................
 0010: 0001 0800 0604 0001 00d0 0195 dc00 80df  ................
 0020: 0603 0000 0000 0000 80df 06ae 0000 0000  ................
 0030: 0000 0000 0000 0000 0000 0000 0000       ..............


[10822]	OOR: 0x0040 bytes

 0000: 0000 0000 0000 0000 0000 0000 0000 0000  ................
 0010: 0000 0000 0000 0000 0000 0000 0000 0000  ................
 0020: 0000 0000 0000 0000 0000 0000 0000 0000  ................
 0030: 0000 0000 0000 0000 0000 0000 0000 0000  ................


[10822]	PCAP real 0x003e virtual [0x002c]
[10822]	ARP REQUEST
[10822]	 --> sha  00:D0:01:95:DC:00
[10822]	 --> spa  128.223.6.3
[10822]	 --> tha  00:00:00:00:00:00
[10822]	 --> tpa  128.223.6.174
[10822]	daveti: arp_request done
[10822]	
***************************************************************

[10822]	sarp_get (one packet dispatched from pcap)
[10822]	CAPTURED: 0x003e bytes

 0000: 0001 0001 0006 00d0 0195 e000 0000 0806  ................
 0010: 0001 0800 0604 0001 00d0 0195 e000 80df  ................
 0020: 0602 0000 0000 0000 80df 0670 0000 0000  ...........p....
 0030: 0000 0000 0000 0000 0000 0000 0000       ..............


[10822]	OOR: 0x0040 bytes

 0000: 0000 0000 0000 0000 0000 0000 0000 0000  ................
 0010: 0000 0000 0000 0000 0000 0000 0000 0000  ................
 0020: 0000 0000 0000 0000 0000 0000 0000 0000  ................
 0030: 0000 0000 0000 0000 0000 0000 0000 0000  ................


[10822]	PCAP real 0x003e virtual [0x002c]
[10822]	ARP REQUEST
[10822]	 --> sha  00:D0:01:95:E0:00
[10822]	 --> spa  128.223.6.2
[10822]	 --> tha  00:00:00:00:00:00
[10822]	 --> tpa  128.223.6.112
[10822]	daveti: arp_request done
[10822]	
***************************************************************

[10822]	sarp_get (one packet dispatched from pcap)
[10822]	CAPTURED: 0x003e bytes

 0000: 0001 0001 0006 c8bc c89e 67df 0000 0806  ..........g.....
 0010: 0001 0800 0604 0001 c8bc c89e 67df 80df  ............g...
 0020: 06a5 0000 0000 0000 80df 0601 0000 0000  ................
 0030: 0000 0000 0000 0000 0000 0000 0000       ..............


[10822]	OOR: 0x0040 bytes

 0000: 0000 0000 0000 0000 0000 0000 0000 0000  ................
 0010: 0000 0000 0000 0000 0000 0000 0000 0000  ................
 0020: 0000 0000 0000 0000 0000 0000 0000 0000  ................
 0030: 0000 0000 0000 0000 0000 0000 0000 0000  ................


[10822]	PCAP real 0x003e virtual [0x002c]
[10822]	ARP REQUEST
[10822]	 --> sha  C8:BC:C8:9E:67:DF
[10822]	 --> spa  128.223.6.165
[10822]	 --> tha  00:00:00:00:00:00
[10822]	 --> tpa  128.223.6.1
[10822]	daveti: arp_request done
[10822]	
***************************************************************

[10822]	sarp_get (one packet dispatched from pcap)
[10822]	CAPTURED: 0x003e bytes

 0000: 0001 0001 0006 00d0 0195 dc00 0000 0806  ................
 0010: 0001 0800 0604 0001 00d0 0195 dc00 80df  ................
 0020: 0603 0000 0000 0000 80df 06fb 0000 0000  ................
 0030: 0000 0000 0000 0000 0000 0000 0000       ..............


[10822]	OOR: 0x0040 bytes

 0000: 0000 0000 0000 0000 0000 0000 0000 0000  ................
 0010: 0000 0000 0000 0000 0000 0000 0000 0000  ................
 0020: 0000 0000 0000 0000 0000 0000 0000 0000  ................
 0030: 0000 0000 0000 0000 0000 0000 0000 0000  ................


[10822]	PCAP real 0x003e virtual [0x002c]
[10822]	ARP REQUEST
[10822]	 --> sha  00:D0:01:95:DC:00
[10822]	 --> spa  128.223.6.3
[10822]	 --> tha  00:00:00:00:00:00
[10822]	 --> tpa  128.223.6.251
[10822]	daveti: arp_request done
[10822]	
***************************************************************

[10822]	sarp_get (one packet dispatched from pcap)
[10822]	CAPTURED: 0x003e bytes

 0000: 0001 0001 0006 00d0 0195 dc00 0000 0806  ................
 0010: 0001 0800 0604 0001 00d0 0195 dc00 80df  ................
 0020: 0603 0000 0000 0000 80df 0670 0000 0000  ...........p....
 0030: 0000 0000 0000 0000 0000 0000 0000       ..............


[10822]	OOR: 0x0040 bytes

 0000: 0000 0000 0000 0000 0000 0000 0000 0000  ................
 0010: 0000 0000 0000 0000 0000 0000 0000 0000  ................
 0020: 0000 0000 0000 0000 0000 0000 0000 0000  ................
 0030: 0000 0000 0000 0000 0000 0000 0000 0000  ................


[10822]	PCAP real 0x003e virtual [0x002c]
[10822]	ARP REQUEST
[10822]	 --> sha  00:D0:01:95:DC:00
[10822]	 --> spa  128.223.6.3
[10822]	 --> tha  00:00:00:00:00:00
[10822]	 --> tpa  128.223.6.112
[10822]	daveti: arp_request done
[10822]	
***************************************************************

[10822]	sarp_get (one packet dispatched from pcap)
[10822]	CAPTURED: 0x003e bytes

 0000: 0001 0001 0006 00d0 0195 dc00 0000 0806  ................
 0010: 0001 0800 0604 0001 00d0 0195 dc00 80df  ................
 0020: 0603 0000 0000 0000 80df 0627 0000 0000  ...........'....
 0030: 0000 0000 0000 0000 0000 0000 0000       ..............


[10822]	OOR: 0x0040 bytes

 0000: 0000 0000 0000 0000 0000 0000 0000 0000  ................
 0010: 0000 0000 0000 0000 0000 0000 0000 0000  ................
 0020: 0000 0000 0000 0000 0000 0000 0000 0000  ................
 0030: 0000 0000 0000 0000 0000 0000 0000 0000  ................


[10822]	PCAP real 0x003e virtual [0x002c]
[10822]	ARP REQUEST
[10822]	 --> sha  00:D0:01:95:DC:00
[10822]	 --> spa  128.223.6.3
[10822]	 --> tha  00:00:00:00:00:00
[10822]	 --> tpa  128.223.6.39
[10822]	daveti: arp_request done
[10822]	
***************************************************************

[10822]	sarp_get (one packet dispatched from pcap)
[10822]	CAPTURED: 0x003e bytes

 0000: 0001 0001 0006 00d0 0195 dc00 0000 0806  ................
 0010: 0001 0800 0604 0001 00d0 0195 dc00 80df  ................
 0020: 0603 0000 0000 0000 80df 06f9 0000 0000  ................
 0030: 0000 0000 0000 0000 0000 0000 0000       ..............


[10822]	OOR: 0x0040 bytes

 0000: 0000 0000 0000 0000 0000 0000 0000 0000  ................
 0010: 0000 0000 0000 0000 0000 0000 0000 0000  ................
 0020: 0000 0000 0000 0000 0000 0000 0000 0000  ................
 0030: 0000 0000 0000 0000 0000 0000 0000 0000  ................


[10822]	PCAP real 0x003e virtual [0x002c]
[10822]	ARP REQUEST
[10822]	 --> sha  00:D0:01:95:DC:00
[10822]	 --> spa  128.223.6.3
[10822]	 --> tha  00:00:00:00:00:00
[10822]	 --> tpa  128.223.6.249
[10822]	daveti: arp_request done
[10822]	
***************************************************************

[10822]	sarp_get (one packet dispatched from pcap)
[10822]	CAPTURED: 0x002c bytes

 0000: 0004 0001 0006 b8ca 3a8e 39b3 0000 0806  ........:.9.....
 0010: 0001 0800 0604 0001 b8ca 3a8e 39b3 80df  ..........:.9...
 0020: 0672 0000 0000 0000 80df 066f            .r.........o


[10822]	OOR: 0x0040 bytes

 0000: 0000 0000 0000 0000 0000 0000 0000 0000  ................
 0010: 0000 0000 0000 0000 0000 0000 0000 0000  ................
 0020: 0000 0000 0000 0000 0000 0000 0000 0000  ................
 0030: 0000 0000 0000 0000 0000 0000 0000 0000  ................


[10822]	PCAP real 0x002c virtual [0x002c]
[10822]	ARP REQUEST
[10822]	 --> sha  B8:CA:3A:8E:39:B3
[10822]	 --> spa  128.223.6.114
[10822]	 --> tha  00:00:00:00:00:00
[10822]	 --> tpa  128.223.6.111
[10822]	daveti: arp_request done
[10822]	
***************************************************************

[10822]	sarp_get (one packet dispatched from pcap)
[10822]	CAPTURED: 0x0066 bytes

 0000: 0000 0001 0006 b8ca 3a8e 3949 0000 0806  ........:.9I....
 0010: 0001 0800 0604 0002 b8ca 3a8e 3949 80df  ..........:.9I..
 0020: 066f b8ca 3a8e 39b3 80df 0672 7599 e11e  .o..:.9....ru...
 0030: 002e 0000 5276 d174 302c 0214 2bee e80b  ....Rv.t0,..+...
 0040: 3fa3 802b 8213 c023 36f6 575e 3b04 34a6  ?..+...#6.W^;.4.
 0050: 0214 3b68 8a1b 4251 8aa9 4389 6f00 57eb  ..;h..BQ..C.o.W.
 0060: 8182 8049 7e1a                           ...I~.


[10822]	OOR: 0x0040 bytes

 0000: 0000 0000 0000 0000 0000 0000 0000 0000  ................
 0010: 0000 0000 0000 0000 0000 0000 0000 0000  ................
 0020: 0000 0000 0000 0000 0000 0000 0000 0000  ................
 0030: 0000 0000 0000 0000 0000 0000 0000 0000  ................


[10822]	PCAP real 0x0066 virtual [0x0066]
[10822]	sarp_reply
[10822]	S-ARP REPLY
[10822]	 --> sha  B8:CA:3A:8E:39:49
[10822]	 --> spa  128.223.6.111
[10822]	 --> tha  B8:CA:3A:8E:39:B3
[10822]	 --> tpa  128.223.6.114
[10822]	sarp_get_timestamp: eth1 1383518579
[10822]	sarp_check_timestamp: -1 [30]
[10822]	sarp_get_timestamp: eth1 1383518579
[10822]	get key 0x6f06df80 : NOT FOUND
[10822]	key_queue_add 0x6f06df80
[10822]	key_request 0x6f06df80
[10822]	get CA key eth1
[10822]	send_to_wire eth1
[10822]	send_to_wire: len = 12 : 12 0 0
[10822]	send_to_wire: total len 0x0036
[10822]	
***************************************************************

[10822]	sarp_get (one packet dispatched from pcap)
[10822]	CAPTURED: 0x020c bytes

 0000: 0000 0001 0006 b8ca 3a8e 3844 0000 0806  ........:.8D....
 0010: 0001 0800 0604 00ff 0000 0000 0000 80df  ................
 0020: 066f b8ca 3a8e 39b3 0200 0000 7599 e11e  .o..:.9.....u...
 0030: 082f 01a5 5276 d174 3082 01a1 0281 8027  ./..Rv.t0......'
 0040: c8c5 6380 9fb7 d6ad 56e6 3c81 6b41 c159  ..c.....V.<.kA.Y
 0050: a26c fb7c ba26 3706 1a10 768e fa92 8a47  .l.|.&7...v....G
 0060: c6a8 5f41 ba6f a30c 26ae d543 884e 78cc  .._A.o..&..C.Nx.
 0070: abea b649 5bef a8a3 7a40 6696 47e2 8b90  ...I[...z@f.G...
 0080: e9ee c79d 8e7c 1ee4 e4fc 6aa3 a244 abee  .....|....j..D..
 0090: 3a64 89aa 4efc 6226 ba95 7f66 d485 dd2d  :d..N.b&...f...-
 00a0: d050 70b5 80b0 6f1a 1d4a 254b ae46 f86e  .Pp...o..J%K.F.n
 00b0: 7565 d5cf 6dc1 c00f f0b0 8c77 c5c9 7002  ue..m......w..p.
 00c0: 8181 0089 550a 046e 5a32 38d9 9864 4650  ....U..nZ28..dFP
 00d0: dd60 ba06 0e94 5643 bac4 1d6c 8ef1 ba69  .`....VC...l...i
 00e0: 712c 6917 ca80 aa7f 3cdf d82e bc28 06d0  q,i.....<....(..
 00f0: 0645 955b d101 2376 4d64 af92 a5c8 a847  .E.[..#vMd.....G
 0100: 9c92 967a 34dc 5a7f 63aa d821 c42d 8ba6  ...z4.Z.c..!.-..
 0110: 7a06 f20e 78f3 c2e3 4d75 ce0a aab2 88b3  z...x...Mu......
 0120: cee1 86e4 7ba3 15c6 d658 c8fd 01d8 93f1  ....{....X......
 0130: f912 18b4 5a9f 7954 49d9 fcbc 4ac0 3f1f  ....Z.yTI...J.?.
 0140: 9b1c cf02 1500 9880 e11f 5d34 a080 4a06  ..........]4..J.
 0150: 4626 9c26 99d4 45a1 fd89 0281 8036 458f  F&.&..E......6E.
 0160: 0349 68dc 7dcd 8493 b633 a4f0 792f ce6f  .Ih.}....3..y/.o
 0170: f784 dd17 f274 e062 936b ba14 5b36 2d67  .....t.b.k..[6-g
 0180: 4bdc 10af d681 4ab8 7d4e 835d f580 28b5  K.....J.}N.]..(.
 0190: f734 1454 6e9e 2053 ea18 0642 f50d 5918  .4.Tn. S...B..Y.
 01a0: f068 a88a 25c1 f5fb 0dbd c4d2 235e 7f8c  .h..%.......#^..
 01b0: bb62 f23e 2fd6 d7a1 93a3 92ef d3a7 1780  .b.>/...........
 01c0: bdc8 9f33 54b5 ad1b 1a2a 2aa4 6152 f597  ...3T....**.aR..
 01d0: 6ad5 f06e dd7e 87fd 8ba4 e744 5630 2d02  j..n.~.....DV0-.
 01e0: 1415 010f 76bc 6d62 8599 b6fb 5722 203e  ....v.mb....W" >
 01f0: b23f 4e95 c302 1500 a470 35cd 0a0f f0be  .?N......p5.....
 0200: b3e7 f8c7 f7e0 78a0 358a c40a            ......x.5...


[10822]	OOR: 0x0040 bytes

 0000: 0000 0000 0000 0000 0000 0000 0000 0000  ................
 0010: 0000 0000 0000 0000 0000 0000 0000 0000  ................
 0020: 0000 0000 0000 0000 0000 0000 0000 0000  ................
 0030: 0000 0000 0000 0000 0000 0000 0000 0000  ................


[10822]	PCAP real 0x020c virtual [0x020c]
[10822]	SARP OPERATION
[10822]	 --> sha       00:00:00:00:00:00
[10822]	 --> spa       128.223.6.111
[10822]	 --> tha       B8:CA:3A:8E:39:B3
[10822]	 --> tpa       2.0.0.0
[10822]	 --> magic     0x7599e11e
[10822]	 --> type      0x08
[10822]	 --> datalen   421
[10822]	 --> siglen    47
[10822]	 --> timestamp 1383518580
[10822]	SARPOP_KEY_REPLY
[10822]	sarp_op_key_reply
[10822]	sarp_verify_ca_sign
[10822]	get CA key eth1
[10822]	sarp_verify_ca_sign: slen 461 datalen 421 siglen 47
[10822]	VERIFY:

 0000: 302d 0214 1501 0f76 bc6d 6285 99b6 fb57  0-.....v.mb....W
 0010: 2220 3eb2 3f4e 95c3 0215 00a4 7035 cd0a  " >.?N......p5..
 0020: 0ff0 beb3 e7f8 c7f7 e078 a035 8ac4 0a    .........x.5...

[10822]	SHA-1 time: 0 sec 6 usec
[10822]	DSA_verify time: 0 sec 320 usec
[10822]	crypto_verify_sign : success
[10822]	sarp_set_delta: adjusting -32 sec
[10822]	key_add: add 0x6f06df80
[10822]	key_queue_scan 0x6f06df80
[10822]	key_queue_scan: found !
[10822]	sarp_get_timestamp: eth1 1383518580
[10822]	sarp_check_timestamp: 0 [30]
[10822]	sarp_get_timestamp: eth1 1383518580
[10822]	get key 0x6f06df80 : found
[10822]	daveti: get_key found key [0x6f06df80] and then removed
[10822]	sarp_verify_sign: datalen 0 siglen 46
[10822]	VERIFIY:

 0000: 302c 0214 2bee e80b 3fa3 802b 8213 c023  0,..+...?..+...#
 0010: 36f6 575e 3b04 34a6 0214 3b68 8a1b 4251  6.W^;.4...;h..BQ
 0020: 8aa9 4389 6f00 57eb 8182 8049 7e1a       ..C.o.W....I~.

[10822]	SHA-1 time: 0 sec 1 usec
[10822]	DSA_verify time: 0 sec 309 usec
[10822]	crypto_verify_sign : success
[10822]	key_queue_scan: signature correct !
[10822]	key_queue_scan: add to the neighbor 0x6f06df80 B8:CA:3A:8E:39:49 on eth1
[10822]	neigh add B8:CA:3A:8E:39:49 128.223.6.111 eth1
[10822]	
***************************************************************

[10822]	sarp_get (one packet dispatched from pcap)
[10822]	CAPTURED: 0x003e bytes

 0000: 0001 0001 0006 b8ca 3a8e 3949 0000 0806  ........:.9I....
 0010: 0001 0800 0604 0001 b8ca 3a8e 3949 80df  ..........:.9I..
 0020: 066f 0000 0000 0000 80df 0672 0000 0000  .o.........r....
 0030: 0000 0000 0000 0000 0000 0000 0000       ..............


[10822]	OOR: 0x0040 bytes

 0000: 0000 0000 0000 0000 0000 0000 0000 0000  ................
 0010: 0000 0000 0000 0000 0000 0000 0000 0000  ................
 0020: 0000 0000 0000 0000 0000 0000 0000 0000  ................
 0030: 0000 0000 0000 0000 0000 0000 0000 0000  ................


[10822]	PCAP real 0x003e virtual [0x002c]
[10822]	ARP REQUEST
[10822]	 --> sha  B8:CA:3A:8E:39:49
[10822]	 --> spa  128.223.6.111
[10822]	 --> tha  00:00:00:00:00:00
[10822]	 --> tpa  128.223.6.114
[10822]	REQUEST FOR US -- 0x7206df80 on eth1!!
[10822]	REPLYING -- 128.223.6.114 B8:CA:3A:8E:39:B3 on eth1 
[10822]	sarp_get_timestamp: eth1 1383518580
[10822]	crypto_sign
[10822]	SHA-1 time: 0 sec 2 usec
[10822]	DSA_sign time: 0 sec 26 usec
[10822]	sarp_sign: datalen 0 siglen 46
[10822]	SIGNATURE:

 0000: 302c 0214 57cf f245 9f4e c337 c022 7954  0,..W..E.N.7."yT
 0010: 9e93 da16 edad a007 0214 1fbf 5534 8c65  ............U4.e
 0020: 3ba3 4800 128a 8a41 7dca 7da8 973a       ;.H....A}.}..:

[10822]	send_to_wire eth1
[10822]	send_to_wire: len = 58 : 12 0 46
[10822]	send_to_wire: total len 0x0064
[10822]	daveti: arp_request done
[10822]	
***************************************************************

[10822]	sarp_get (one packet dispatched from pcap)
[10822]	CAPTURED: 0x003e bytes

 0000: 0001 0001 0006 00d0 0195 e000 0000 0806  ................
 0010: 0001 0800 0604 0001 00d0 0195 e000 80df  ................
 0020: 0602 0000 0000 0000 80df 0670 0000 0000  ...........p....
 0030: 0000 0000 0000 0000 0000 0000 0000       ..............


[10822]	OOR: 0x0040 bytes

 0000: 0000 0000 0000 0000 0000 0000 0000 0000  ................
 0010: 0000 0000 0000 0000 0000 0000 0000 0000  ................
 0020: 0000 0000 0000 0000 0000 0000 0000 0000  ................
 0030: 0000 0000 0000 0000 0000 0000 0000 0000  ................


[10822]	PCAP real 0x003e virtual [0x002c]
[10822]	ARP REQUEST
[10822]	 --> sha  00:D0:01:95:E0:00
[10822]	 --> spa  128.223.6.2
[10822]	 --> tha  00:00:00:00:00:00
[10822]	 --> tpa  128.223.6.112
[10822]	daveti: arp_request done
[10822]	
***************************************************************

[10822]	sarp_get (one packet dispatched from pcap)
[10822]	CAPTURED: 0x003e bytes

 0000: 0001 0001 0006 00d0 0195 dc00 0000 0806  ................
 0010: 0001 0800 0604 0001 00d0 0195 dc00 80df  ................
 0020: 0603 0000 0000 0000 80df 06fb 0000 0000  ................
 0030: 0000 0000 0000 0000 0000 0000 0000       ..............


[10822]	OOR: 0x0040 bytes

 0000: 0000 0000 0000 0000 0000 0000 0000 0000  ................
 0010: 0000 0000 0000 0000 0000 0000 0000 0000  ................
 0020: 0000 0000 0000 0000 0000 0000 0000 0000  ................
 0030: 0000 0000 0000 0000 0000 0000 0000 0000  ................


[10822]	PCAP real 0x003e virtual [0x002c]
[10822]	ARP REQUEST
[10822]	 --> sha  00:D0:01:95:DC:00
[10822]	 --> spa  128.223.6.3
[10822]	 --> tha  00:00:00:00:00:00
[10822]	 --> tpa  128.223.6.251
[10822]	daveti: arp_request done
[10822]	
***************************************************************

[10822]	sarp_get (one packet dispatched from pcap)
[10822]	CAPTURED: 0x003e bytes

 0000: 0001 0001 0006 00d0 0195 dc00 0000 0806  ................
 0010: 0001 0800 0604 0001 00d0 0195 dc00 80df  ................
 0020: 0603 0000 0000 0000 80df 0627 0000 0000  ...........'....
 0030: 0000 0000 0000 0000 0000 0000 0000       ..............


[10822]	OOR: 0x0040 bytes

 0000: 0000 0000 0000 0000 0000 0000 0000 0000  ................
 0010: 0000 0000 0000 0000 0000 0000 0000 0000  ................
 0020: 0000 0000 0000 0000 0000 0000 0000 0000  ................
 0030: 0000 0000 0000 0000 0000 0000 0000 0000  ................


[10822]	PCAP real 0x003e virtual [0x002c]
[10822]	ARP REQUEST
[10822]	 --> sha  00:D0:01:95:DC:00
[10822]	 --> spa  128.223.6.3
[10822]	 --> tha  00:00:00:00:00:00
[10822]	 --> tpa  128.223.6.39
[10822]	daveti: arp_request done
[10822]	
***************************************************************

[10822]	sarp_get (one packet dispatched from pcap)
[10822]	CAPTURED: 0x003e bytes

 0000: 0001 0001 0006 00d0 0195 dc00 0000 0806  ................
 0010: 0001 0800 0604 0001 00d0 0195 dc00 80df  ................
 0020: 0603 0000 0000 0000 80df 06f9 0000 0000  ................
 0030: 0000 0000 0000 0000 0000 0000 0000       ..............


[10822]	OOR: 0x0040 bytes

 0000: 0000 0000 0000 0000 0000 0000 0000 0000  ................
 0010: 0000 0000 0000 0000 0000 0000 0000 0000  ................
 0020: 0000 0000 0000 0000 0000 0000 0000 0000  ................
 0030: 0000 0000 0000 0000 0000 0000 0000 0000  ................


[10822]	PCAP real 0x003e virtual [0x002c]
[10822]	ARP REQUEST
[10822]	 --> sha  00:D0:01:95:DC:00
[10822]	 --> spa  128.223.6.3
[10822]	 --> tha  00:00:00:00:00:00
[10822]	 --> tpa  128.223.6.249
[10822]	daveti: arp_request done
[10822]	
***************************************************************

[10822]	sarp_get (one packet dispatched from pcap)
[10822]	CAPTURED: 0x003e bytes

 0000: 0001 0001 0006 685b 358b add6 0000 0806  ......h[5.......
 0010: 0001 0800 0604 0001 685b 358b add6 80df  ........h[5.....
 0020: 06dc 0000 0000 0000 80df 0601 0000 0000  ................
 0030: 0000 0000 0000 0000 0000 0000 0000       ..............


[10822]	OOR: 0x0040 bytes

 0000: 0000 0000 0000 0000 0000 0000 0000 0000  ................
 0010: 0000 0000 0000 0000 0000 0000 0000 0000  ................
 0020: 0000 0000 0000 0000 0000 0000 0000 0000  ................
 0030: 0000 0000 0000 0000 0000 0000 0000 0000  ................


[10822]	PCAP real 0x003e virtual [0x002c]
[10822]	ARP REQUEST
[10822]	 --> sha  68:5B:35:8B:AD:D6
[10822]	 --> spa  128.223.6.220
[10822]	 --> tha  00:00:00:00:00:00
[10822]	 --> tpa  128.223.6.1
[10822]	daveti: arp_request done
[10822]	
***************************************************************

[10822]	sarp_get (one packet dispatched from pcap)
[10822]	CAPTURED: 0x003e bytes

 0000: 0001 0001 0006 00d0 0195 e000 0000 0806  ................
 0010: 0001 0800 0604 0001 00d0 0195 e000 80df  ................
 0020: 0602 0000 0000 0000 80df 0670 0000 0000  ...........p....
 0030: 0000 0000 0000 0000 0000 0000 0000       ..............


[10822]	OOR: 0x0040 bytes

 0000: 0000 0000 0000 0000 0000 0000 0000 0000  ................
 0010: 0000 0000 0000 0000 0000 0000 0000 0000  ................
 0020: 0000 0000 0000 0000 0000 0000 0000 0000  ................
 0030: 0000 0000 0000 0000 0000 0000 0000 0000  ................


[10822]	PCAP real 0x003e virtual [0x002c]
[10822]	ARP REQUEST
[10822]	 --> sha  00:D0:01:95:E0:00
[10822]	 --> spa  128.223.6.2
[10822]	 --> tha  00:00:00:00:00:00
[10822]	 --> tpa  128.223.6.112
[10822]	daveti: arp_request done
[10822]	
***************************************************************

[10822]	sarp_get (one packet dispatched from pcap)
[10822]	CAPTURED: 0x003e bytes

 0000: 0001 0001 0006 00d0 0195 dc00 0000 0806  ................
 0010: 0001 0800 0604 0001 00d0 0195 dc00 80df  ................
 0020: 0603 0000 0000 0000 80df 06fb 0000 0000  ................
 0030: 0000 0000 0000 0000 0000 0000 0000       ..............


[10822]	OOR: 0x0040 bytes

 0000: 0000 0000 0000 0000 0000 0000 0000 0000  ................
 0010: 0000 0000 0000 0000 0000 0000 0000 0000  ................
 0020: 0000 0000 0000 0000 0000 0000 0000 0000  ................
 0030: 0000 0000 0000 0000 0000 0000 0000 0000  ................


[10822]	PCAP real 0x003e virtual [0x002c]
[10822]	ARP REQUEST
[10822]	 --> sha  00:D0:01:95:DC:00
[10822]	 --> spa  128.223.6.3
[10822]	 --> tha  00:00:00:00:00:00
[10822]	 --> tpa  128.223.6.251
[10822]	daveti: arp_request done
[10822]	
***************************************************************

[10822]	sarp_get (one packet dispatched from pcap)
[10822]	CAPTURED: 0x003e bytes

 0000: 0001 0001 0006 00d0 0195 e000 0000 0806  ................
 0010: 0001 0800 0604 0001 00d0 0195 e000 80df  ................
 0020: 0602 0000 0000 0000 80df 06f9 0000 0000  ................
 0030: 0000 0000 0000 0000 0000 0000 0000       ..............


[10822]	OOR: 0x0040 bytes

 0000: 0000 0000 0000 0000 0000 0000 0000 0000  ................
 0010: 0000 0000 0000 0000 0000 0000 0000 0000  ................
 0020: 0000 0000 0000 0000 0000 0000 0000 0000  ................
 0030: 0000 0000 0000 0000 0000 0000 0000 0000  ................


[10822]	PCAP real 0x003e virtual [0x002c]
[10822]	ARP REQUEST
[10822]	 --> sha  00:D0:01:95:E0:00
[10822]	 --> spa  128.223.6.2
[10822]	 --> tha  00:00:00:00:00:00
[10822]	 --> tpa  128.223.6.249
[10822]	daveti: arp_request done
[10822]	
***************************************************************

[10822]	sarp_get (one packet dispatched from pcap)
[10822]	CAPTURED: 0x003e bytes

 0000: 0001 0001 0006 00d0 0195 dc00 0000 0806  ................
 0010: 0001 0800 0604 0001 00d0 0195 dc00 80df  ................
 0020: 0603 0000 0000 0000 80df 0647 0000 0000  ...........G....
 0030: 0000 0000 0000 0000 0000 0000 0000       ..............


[10822]	OOR: 0x0040 bytes

 0000: 0000 0000 0000 0000 0000 0000 0000 0000  ................
 0010: 0000 0000 0000 0000 0000 0000 0000 0000  ................
 0020: 0000 0000 0000 0000 0000 0000 0000 0000  ................
 0030: 0000 0000 0000 0000 0000 0000 0000 0000  ................


[10822]	PCAP real 0x003e virtual [0x002c]
[10822]	ARP REQUEST
[10822]	 --> sha  00:D0:01:95:DC:00
[10822]	 --> spa  128.223.6.3
[10822]	 --> tha  00:00:00:00:00:00
[10822]	 --> tpa  128.223.6.71
[10822]	daveti: arp_request done
[10822]	
***************************************************************

[10822]	sarp_get (one packet dispatched from pcap)
[10822]	CAPTURED: 0x003e bytes

 0000: 0001 0001 0006 c8bc c89e 67df 0000 0806  ..........g.....
 0010: 0001 0800 0604 0001 c8bc c89e 67df 80df  ............g...
 0020: 06a5 0000 0000 0000 80df 0601 0000 0000  ................
 0030: 0000 0000 0000 0000 0000 0000 0000       ..............


[10822]	OOR: 0x0040 bytes

 0000: 0000 0000 0000 0000 0000 0000 0000 0000  ................
 0010: 0000 0000 0000 0000 0000 0000 0000 0000  ................
 0020: 0000 0000 0000 0000 0000 0000 0000 0000  ................
 0030: 0000 0000 0000 0000 0000 0000 0000 0000  ................


[10822]	PCAP real 0x003e virtual [0x002c]
[10822]	ARP REQUEST
[10822]	 --> sha  C8:BC:C8:9E:67:DF
[10822]	 --> spa  128.223.6.165
[10822]	 --> tha  00:00:00:00:00:00
[10822]	 --> tpa  128.223.6.1
[10822]	daveti: arp_request done
[10822]	
***************************************************************

[10822]	sarp_get (one packet dispatched from pcap)
[10822]	CAPTURED: 0x003e bytes

 0000: 0001 0001 0006 00d0 0195 dc00 0000 0806  ................
 0010: 0001 0800 0604 0001 00d0 0195 dc00 80df  ................
 0020: 0603 0000 0000 0000 80df 0670 0000 0000  ...........p....
 0030: 0000 0000 0000 0000 0000 0000 0000       ..............


[10822]	OOR: 0x0040 bytes

 0000: 0000 0000 0000 0000 0000 0000 0000 0000  ................
 0010: 0000 0000 0000 0000 0000 0000 0000 0000  ................
 0020: 0000 0000 0000 0000 0000 0000 0000 0000  ................
 0030: 0000 0000 0000 0000 0000 0000 0000 0000  ................


[10822]	PCAP real 0x003e virtual [0x002c]
[10822]	ARP REQUEST
[10822]	 --> sha  00:D0:01:95:DC:00
[10822]	 --> spa  128.223.6.3
[10822]	 --> tha  00:00:00:00:00:00
[10822]	 --> tpa  128.223.6.112
[10822]	daveti: arp_request done
[10822]	
***************************************************************

[10822]	sarp_get (one packet dispatched from pcap)
[10822]	CAPTURED: 0x003e bytes

 0000: 0001 0001 0006 70cd 60f2 f0b2 0000 0806  ......p.`.......
 0010: 0001 0800 0604 0001 70cd 60f2 f0b2 80df  ........p.`.....
 0020: 06c1 0000 0000 0000 80df 0601 0000 0000  ................
 0030: 0000 0000 0000 0000 0000 0000 0000       ..............


[10822]	OOR: 0x0040 bytes

 0000: 0000 0000 0000 0000 0000 0000 0000 0000  ................
 0010: 0000 0000 0000 0000 0000 0000 0000 0000  ................
 0020: 0000 0000 0000 0000 0000 0000 0000 0000  ................
 0030: 0000 0000 0000 0000 0000 0000 0000 0000  ................


[10822]	PCAP real 0x003e virtual [0x002c]
[10822]	ARP REQUEST
[10822]	 --> sha  70:CD:60:F2:F0:B2
[10822]	 --> spa  128.223.6.193
[10822]	 --> tha  00:00:00:00:00:00
[10822]	 --> tpa  128.223.6.1
[10822]	daveti: arp_request done
[10822]	
***************************************************************

[10822]	sarp_get (one packet dispatched from pcap)
[10822]	CAPTURED: 0x003e bytes

 0000: 0001 0001 0006 00d0 0195 e000 0000 0806  ................
 0010: 0001 0800 0604 0001 00d0 0195 e000 80df  ................
 0020: 0602 0000 0000 0000 80df 06f3 0000 0000  ................
 0030: 0000 0000 0000 0000 0000 0000 0000       ..............


[10822]	OOR: 0x0040 bytes

 0000: 0000 0000 0000 0000 0000 0000 0000 0000  ................
 0010: 0000 0000 0000 0000 0000 0000 0000 0000  ................
 0020: 0000 0000 0000 0000 0000 0000 0000 0000  ................
 0030: 0000 0000 0000 0000 0000 0000 0000 0000  ................


[10822]	PCAP real 0x003e virtual [0x002c]
[10822]	ARP REQUEST
[10822]	 --> sha  00:D0:01:95:E0:00
[10822]	 --> spa  128.223.6.2
[10822]	 --> tha  00:00:00:00:00:00
[10822]	 --> tpa  128.223.6.243
[10822]	daveti: arp_request done
[10822]	
***************************************************************

[10822]	sarp_get (one packet dispatched from pcap)
[10822]	CAPTURED: 0x003e bytes

 0000: 0001 0001 0006 00d0 0195 e000 0000 0806  ................
 0010: 0001 0800 0604 0001 00d0 0195 e000 80df  ................
 0020: 0602 0000 0000 0000 80df 0670 0000 0000  ...........p....
 0030: 0000 0000 0000 0000 0000 0000 0000       ..............


[10822]	OOR: 0x0040 bytes

 0000: 0000 0000 0000 0000 0000 0000 0000 0000  ................
 0010: 0000 0000 0000 0000 0000 0000 0000 0000  ................
 0020: 0000 0000 0000 0000 0000 0000 0000 0000  ................
 0030: 0000 0000 0000 0000 0000 0000 0000 0000  ................


[10822]	PCAP real 0x003e virtual [0x002c]
[10822]	ARP REQUEST
[10822]	 --> sha  00:D0:01:95:E0:00
[10822]	 --> spa  128.223.6.2
[10822]	 --> tha  00:00:00:00:00:00
[10822]	 --> tpa  128.223.6.112
[10822]	daveti: arp_request done
[10822]	
***************************************************************

[10822]	sarp_get (one packet dispatched from pcap)
[10822]	CAPTURED: 0x003e bytes

 0000: 0001 0001 0006 00d0 0195 dc00 0000 0806  ................
 0010: 0001 0800 0604 0001 00d0 0195 dc00 80df  ................
 0020: 0603 0000 0000 0000 80df 0627 0000 0000  ...........'....
 0030: 0000 0000 0000 0000 0000 0000 0000       ..............


[10822]	OOR: 0x0040 bytes

 0000: 0000 0000 0000 0000 0000 0000 0000 0000  ................
 0010: 0000 0000 0000 0000 0000 0000 0000 0000  ................
 0020: 0000 0000 0000 0000 0000 0000 0000 0000  ................
 0030: 0000 0000 0000 0000 0000 0000 0000 0000  ................


[10822]	PCAP real 0x003e virtual [0x002c]
[10822]	ARP REQUEST
[10822]	 --> sha  00:D0:01:95:DC:00
[10822]	 --> spa  128.223.6.3
[10822]	 --> tha  00:00:00:00:00:00
[10822]	 --> tpa  128.223.6.39
[10822]	daveti: arp_request done
[10822]	
***************************************************************

[10822]	sarp_get (one packet dispatched from pcap)
[10822]	CAPTURED: 0x003e bytes

 0000: 0001 0001 0006 00d0 0195 dc00 0000 0806  ................
 0010: 0001 0800 0604 0001 00d0 0195 dc00 80df  ................
 0020: 0603 0000 0000 0000 80df 0670 0000 0000  ...........p....
 0030: 0000 0000 0000 0000 0000 0000 0000       ..............


[10822]	OOR: 0x0040 bytes

 0000: 0000 0000 0000 0000 0000 0000 0000 0000  ................
 0010: 0000 0000 0000 0000 0000 0000 0000 0000  ................
 0020: 0000 0000 0000 0000 0000 0000 0000 0000  ................
 0030: 0000 0000 0000 0000 0000 0000 0000 0000  ................


[10822]	PCAP real 0x003e virtual [0x002c]
[10822]	ARP REQUEST
[10822]	 --> sha  00:D0:01:95:DC:00
[10822]	 --> spa  128.223.6.3
[10822]	 --> tha  00:00:00:00:00:00
[10822]	 --> tpa  128.223.6.112
[10822]	daveti: arp_request done
[10822]	
***************************************************************

[10822]	sarp_get (one packet dispatched from pcap)
[10822]	CAPTURED: 0x003e bytes

 0000: 0001 0001 0006 00d0 0195 e000 0000 0806  ................
 0010: 0001 0800 0604 0001 00d0 0195 e000 80df  ................
 0020: 0602 0000 0000 0000 80df 06f3 0000 0000  ................
 0030: 0000 0000 0000 0000 0000 0000 0000       ..............


[10822]	OOR: 0x0040 bytes

 0000: 0000 0000 0000 0000 0000 0000 0000 0000  ................
 0010: 0000 0000 0000 0000 0000 0000 0000 0000  ................
 0020: 0000 0000 0000 0000 0000 0000 0000 0000  ................
 0030: 0000 0000 0000 0000 0000 0000 0000 0000  ................


[10822]	PCAP real 0x003e virtual [0x002c]
[10822]	ARP REQUEST
[10822]	 --> sha  00:D0:01:95:E0:00
[10822]	 --> spa  128.223.6.2
[10822]	 --> tha  00:00:00:00:00:00
[10822]	 --> tpa  128.223.6.243
[10822]	daveti: arp_request done
[10822]	
***************************************************************

[10822]	sarp_get (one packet dispatched from pcap)
[10822]	CAPTURED: 0x003e bytes

 0000: 0001 0001 0006 00d0 0195 e000 0000 0806  ................
 0010: 0001 0800 0604 0001 00d0 0195 e000 80df  ................
 0020: 0602 0000 0000 0000 80df 0670 0000 0000  ...........p....
 0030: 0000 0000 0000 0000 0000 0000 0000       ..............


[10822]	OOR: 0x0040 bytes

 0000: 0000 0000 0000 0000 0000 0000 0000 0000  ................
 0010: 0000 0000 0000 0000 0000 0000 0000 0000  ................
 0020: 0000 0000 0000 0000 0000 0000 0000 0000  ................
 0030: 0000 0000 0000 0000 0000 0000 0000 0000  ................


[10822]	PCAP real 0x003e virtual [0x002c]
[10822]	ARP REQUEST
[10822]	 --> sha  00:D0:01:95:E0:00
[10822]	 --> spa  128.223.6.2
[10822]	 --> tha  00:00:00:00:00:00
[10822]	 --> tpa  128.223.6.112
[10822]	daveti: arp_request done
[10822]	
***************************************************************

[10822]	sarp_get (one packet dispatched from pcap)
[10822]	CAPTURED: 0x003e bytes

 0000: 0001 0001 0006 70cd 60a9 f6b2 0000 0806  ......p.`.......
 0010: 0001 0800 0604 0001 70cd 60a9 f6b2 80df  ........p.`.....
 0020: 06f1 0000 0000 0000 80df 0601 0000 0000  ................
 0030: 0000 0000 0000 0000 0000 0000 0000       ..............


[10822]	OOR: 0x0040 bytes

 0000: 0000 0000 0000 0000 0000 0000 0000 0000  ................
 0010: 0000 0000 0000 0000 0000 0000 0000 0000  ................
 0020: 0000 0000 0000 0000 0000 0000 0000 0000  ................
 0030: 0000 0000 0000 0000 0000 0000 0000 0000  ................


[10822]	PCAP real 0x003e virtual [0x002c]
[10822]	ARP REQUEST
[10822]	 --> sha  70:CD:60:A9:F6:B2
[10822]	 --> spa  128.223.6.241
[10822]	 --> tha  00:00:00:00:00:00
[10822]	 --> tpa  128.223.6.1
[10822]	daveti: arp_request done
[10822]	
***************************************************************

[10822]	sarp_get (one packet dispatched from pcap)
[10822]	CAPTURED: 0x003e bytes

 0000: 0001 0001 0006 c82a 140e 6528 0000 0806  .......*..e(....
 0010: 0001 0800 0604 0001 c82a 140e 6528 80df  .........*..e(..
 0020: 06e9 0000 0000 0000 80df 0601 0000 0000  ................
 0030: 0000 0000 0000 0000 0000 0000 0000       ..............


[10822]	OOR: 0x0040 bytes

 0000: 0000 0000 0000 0000 0000 0000 0000 0000  ................
 0010: 0000 0000 0000 0000 0000 0000 0000 0000  ................
 0020: 0000 0000 0000 0000 0000 0000 0000 0000  ................
 0030: 0000 0000 0000 0000 0000 0000 0000 0000  ................


[10822]	PCAP real 0x003e virtual [0x002c]
[10822]	ARP REQUEST
[10822]	 --> sha  C8:2A:14:0E:65:28
[10822]	 --> spa  128.223.6.233
[10822]	 --> tha  00:00:00:00:00:00
[10822]	 --> tpa  128.223.6.1
[10822]	daveti: arp_request done
[10822]	
***************************************************************

[10822]	sarp_get (one packet dispatched from pcap)
[10822]	CAPTURED: 0x003e bytes

 0000: 0001 0001 0006 00d0 0195 e000 0000 0806  ................
 0010: 0001 0800 0604 0001 00d0 0195 e000 80df  ................
 0020: 0602 0000 0000 0000 80df 06f3 0000 0000  ................
 0030: 0000 0000 0000 0000 0000 0000 0000       ..............


[10822]	OOR: 0x0040 bytes

 0000: 0000 0000 0000 0000 0000 0000 0000 0000  ................
 0010: 0000 0000 0000 0000 0000 0000 0000 0000  ................
 0020: 0000 0000 0000 0000 0000 0000 0000 0000  ................
 0030: 0000 0000 0000 0000 0000 0000 0000 0000  ................


[10822]	PCAP real 0x003e virtual [0x002c]
[10822]	ARP REQUEST
[10822]	 --> sha  00:D0:01:95:E0:00
[10822]	 --> spa  128.223.6.2
[10822]	 --> tha  00:00:00:00:00:00
[10822]	 --> tpa  128.223.6.243
[10822]	daveti: arp_request done
[10822]	
***************************************************************

[10822]	sarp_get (one packet dispatched from pcap)
[10822]	CAPTURED: 0x003e bytes

 0000: 0001 0001 0006 00d0 0195 dc00 0000 0806  ................
 0010: 0001 0800 0604 0001 00d0 0195 dc00 80df  ................
 0020: 0603 0000 0000 0000 80df 0670 0000 0000  ...........p....
 0030: 0000 0000 0000 0000 0000 0000 0000       ..............


[10822]	OOR: 0x0040 bytes

 0000: 0000 0000 0000 0000 0000 0000 0000 0000  ................
 0010: 0000 0000 0000 0000 0000 0000 0000 0000  ................
 0020: 0000 0000 0000 0000 0000 0000 0000 0000  ................
 0030: 0000 0000 0000 0000 0000 0000 0000 0000  ................


[10822]	PCAP real 0x003e virtual [0x002c]
[10822]	ARP REQUEST
[10822]	 --> sha  00:D0:01:95:DC:00
[10822]	 --> spa  128.223.6.3
[10822]	 --> tha  00:00:00:00:00:00
[10822]	 --> tpa  128.223.6.112
[10822]	daveti: arp_request done
[10822]	
***************************************************************

[10822]	sarp_get (one packet dispatched from pcap)
[10822]	CAPTURED: 0x003e bytes

 0000: 0001 0001 0006 00d0 0195 e000 0000 0806  ................
 0010: 0001 0800 0604 0001 00d0 0195 e000 80df  ................
 0020: 0602 0000 0000 0000 80df 0670 0000 0000  ...........p....
 0030: 0000 0000 0000 0000 0000 0000 0000       ..............


[10822]	OOR: 0x0040 bytes

 0000: 0000 0000 0000 0000 0000 0000 0000 0000  ................
 0010: 0000 0000 0000 0000 0000 0000 0000 0000  ................
 0020: 0000 0000 0000 0000 0000 0000 0000 0000  ................
 0030: 0000 0000 0000 0000 0000 0000 0000 0000  ................


[10822]	PCAP real 0x003e virtual [0x002c]
[10822]	ARP REQUEST
[10822]	 --> sha  00:D0:01:95:E0:00
[10822]	 --> spa  128.223.6.2
[10822]	 --> tha  00:00:00:00:00:00
[10822]	 --> tpa  128.223.6.112
[10822]	daveti: arp_request done
[10822]	
***************************************************************

[10822]	sarp_get (one packet dispatched from pcap)
[10822]	CAPTURED: 0x003e bytes

 0000: 0001 0001 0006 00d0 0195 e000 0000 0806  ................
 0010: 0001 0800 0604 0001 00d0 0195 e000 80df  ................
 0020: 0602 0000 0000 0000 80df 0670 0000 0000  ...........p....
 0030: 0000 0000 0000 0000 0000 0000 0000       ..............


[10822]	OOR: 0x0040 bytes

 0000: 0000 0000 0000 0000 0000 0000 0000 0000  ................
 0010: 0000 0000 0000 0000 0000 0000 0000 0000  ................
 0020: 0000 0000 0000 0000 0000 0000 0000 0000  ................
 0030: 0000 0000 0000 0000 0000 0000 0000 0000  ................


[10822]	PCAP real 0x003e virtual [0x002c]
[10822]	ARP REQUEST
[10822]	 --> sha  00:D0:01:95:E0:00
[10822]	 --> spa  128.223.6.2
[10822]	 --> tha  00:00:00:00:00:00
[10822]	 --> tpa  128.223.6.112
[10822]	daveti: arp_request done
[10822]	
***************************************************************

[10822]	sarp_get (one packet dispatched from pcap)
[10822]	CAPTURED: 0x003e bytes

 0000: 0001 0001 0006 00d0 0195 e000 0000 0806  ................
 0010: 0001 0800 0604 0001 00d0 0195 e000 80df  ................
 0020: 0602 0000 0000 0000 80df 06fb 0000 0000  ................
 0030: 0000 0000 0000 0000 0000 0000 0000       ..............


[10822]	OOR: 0x0040 bytes

 0000: 0000 0000 0000 0000 0000 0000 0000 0000  ................
 0010: 0000 0000 0000 0000 0000 0000 0000 0000  ................
 0020: 0000 0000 0000 0000 0000 0000 0000 0000  ................
 0030: 0000 0000 0000 0000 0000 0000 0000 0000  ................


[10822]	PCAP real 0x003e virtual [0x002c]
[10822]	ARP REQUEST
[10822]	 --> sha  00:D0:01:95:E0:00
[10822]	 --> spa  128.223.6.2
[10822]	 --> tha  00:00:00:00:00:00
[10822]	 --> tpa  128.223.6.251
[10822]	daveti: arp_request done
[10822]	
***************************************************************

[10822]	sarp_get (one packet dispatched from pcap)
[10822]	CAPTURED: 0x003e bytes

 0000: 0001 0001 0006 00d0 0195 e000 0000 0806  ................
 0010: 0001 0800 0604 0001 00d0 0195 e000 80df  ................
 0020: 0602 0000 0000 0000 80df 06f9 0000 0000  ................
 0030: 0000 0000 0000 0000 0000 0000 0000       ..............


[10822]	OOR: 0x0040 bytes

 0000: 0000 0000 0000 0000 0000 0000 0000 0000  ................
 0010: 0000 0000 0000 0000 0000 0000 0000 0000  ................
 0020: 0000 0000 0000 0000 0000 0000 0000 0000  ................
 0030: 0000 0000 0000 0000 0000 0000 0000 0000  ................


[10822]	PCAP real 0x003e virtual [0x002c]
[10822]	ARP REQUEST
[10822]	 --> sha  00:D0:01:95:E0:00
[10822]	 --> spa  128.223.6.2
[10822]	 --> tha  00:00:00:00:00:00
[10822]	 --> tpa  128.223.6.249
[10822]	daveti: arp_request done
[10822]	
***************************************************************

[10822]	sarp_get (one packet dispatched from pcap)
[10822]	CAPTURED: 0x003e bytes

 0000: 0001 0001 0006 00d0 0195 e000 0000 0806  ................
 0010: 0001 0800 0604 0001 00d0 0195 e000 80df  ................
 0020: 0602 0000 0000 0000 80df 06fb 0000 0000  ................
 0030: 0000 0000 0000 0000 0000 0000 0000       ..............


[10822]	OOR: 0x0040 bytes

 0000: 0000 0000 0000 0000 0000 0000 0000 0000  ................
 0010: 0000 0000 0000 0000 0000 0000 0000 0000  ................
 0020: 0000 0000 0000 0000 0000 0000 0000 0000  ................
 0030: 0000 0000 0000 0000 0000 0000 0000 0000  ................


[10822]	PCAP real 0x003e virtual [0x002c]
[10822]	ARP REQUEST
[10822]	 --> sha  00:D0:01:95:E0:00
[10822]	 --> spa  128.223.6.2
[10822]	 --> tha  00:00:00:00:00:00
[10822]	 --> tpa  128.223.6.251
[10822]	daveti: arp_request done
[10822]	
***************************************************************

[10822]	sarp_get (one packet dispatched from pcap)
[10822]	CAPTURED: 0x003e bytes

 0000: 0001 0001 0006 00d0 0195 e000 0000 0806  ................
 0010: 0001 0800 0604 0001 00d0 0195 e000 80df  ................
 0020: 0602 0000 0000 0000 80df 06f9 0000 0000  ................
 0030: 0000 0000 0000 0000 0000 0000 0000       ..............


[10822]	OOR: 0x0040 bytes

 0000: 0000 0000 0000 0000 0000 0000 0000 0000  ................
 0010: 0000 0000 0000 0000 0000 0000 0000 0000  ................
 0020: 0000 0000 0000 0000 0000 0000 0000 0000  ................
 0030: 0000 0000 0000 0000 0000 0000 0000 0000  ................


[10822]	PCAP real 0x003e virtual [0x002c]
[10822]	ARP REQUEST
[10822]	 --> sha  00:D0:01:95:E0:00
[10822]	 --> spa  128.223.6.2
[10822]	 --> tha  00:00:00:00:00:00
[10822]	 --> tpa  128.223.6.249
[10822]	daveti: arp_request done
[10822]	
***************************************************************

[10822]	sarp_get (one packet dispatched from pcap)
[10822]	CAPTURED: 0x003e bytes

 0000: 0001 0001 0006 406c 8f3d ed74 0000 0806  ......@l.=.t....
 0010: 0001 0800 0604 0001 406c 8f3d ed74 80df  ........@l.=.t..
 0020: 06bb 0000 0000 0000 80df 0601 0000 0000  ................
 0030: 0000 0000 0000 0000 0000 0000 0000       ..............


[10822]	OOR: 0x0040 bytes

 0000: 0000 0000 0000 0000 0000 0000 0000 0000  ................
 0010: 0000 0000 0000 0000 0000 0000 0000 0000  ................
 0020: 0000 0000 0000 0000 0000 0000 0000 0000  ................
 0030: 0000 0000 0000 0000 0000 0000 0000 0000  ................


[10822]	PCAP real 0x003e virtual [0x002c]
[10822]	ARP REQUEST
[10822]	 --> sha  40:6C:8F:3D:ED:74
[10822]	 --> spa  128.223.6.187
[10822]	 --> tha  00:00:00:00:00:00
[10822]	 --> tpa  128.223.6.1
[10822]	daveti: arp_request done
[10822]	
***************************************************************

[10822]	sarp_get (one packet dispatched from pcap)
[10822]	CAPTURED: 0x003e bytes

 0000: 0001 0001 0006 406c 8f3d ed74 0000 0806  ......@l.=.t....
 0010: 0001 0800 0604 0001 406c 8f3d ed74 80df  ........@l.=.t..
 0020: 06bb 0000 0000 0000 80df 0609 0000 0000  ................
 0030: 0000 0000 0000 0000 0000 0000 0000       ..............


[10822]	OOR: 0x0040 bytes

 0000: 0000 0000 0000 0000 0000 0000 0000 0000  ................
 0010: 0000 0000 0000 0000 0000 0000 0000 0000  ................
 0020: 0000 0000 0000 0000 0000 0000 0000 0000  ................
 0030: 0000 0000 0000 0000 0000 0000 0000 0000  ................


[10822]	PCAP real 0x003e virtual [0x002c]
[10822]	ARP REQUEST
[10822]	 --> sha  40:6C:8F:3D:ED:74
[10822]	 --> spa  128.223.6.187
[10822]	 --> tha  00:00:00:00:00:00
[10822]	 --> tpa  128.223.6.9
[10822]	daveti: arp_request done
[10822]	
***************************************************************

[10822]	sarp_get (one packet dispatched from pcap)
[10822]	CAPTURED: 0x003e bytes

 0000: 0001 0001 0006 0003 bac0 f579 0000 0806  ...........y....
 0010: 0001 0800 0604 0002 0003 bac0 f579 80df  .............y..
 0020: 0609 406c 8f3d ed74 80df 06bb 0000 0000  ..@l.=.t........
 0030: 0000 0000 0000 0000 0000 0000 0000       ..............


[10822]	OOR: 0x0040 bytes

 0000: 0000 0000 0000 0000 0000 0000 0000 0000  ................
 0010: 0000 0000 0000 0000 0000 0000 0000 0000  ................
 0020: 0000 0000 0000 0000 0000 0000 0000 0000  ................
 0030: 0000 0000 0000 0000 0000 0000 0000 0000  ................


[10822]	PCAP real 0x003e virtual [0x002c]
[10822]	arp_reply
[10822]	daveti: arp_reply ESARP_NOTFOUND done
[10822]	
***************************************************************

[10822]	sarp_get (one packet dispatched from pcap)
[10822]	CAPTURED: 0x003e bytes

 0000: 0000 0001 0006 b8ca 3a8e 3949 0000 0806  ........:.9I....
 0010: 0001 0800 0604 0001 b8ca 3a8e 3949 80df  ..........:.9I..
 0020: 066f 0000 0000 0000 80df 0672 0000 0000  .o.........r....
 0030: 0000 0000 0000 0000 0000 0000 0000       ..............


[10822]	OOR: 0x0040 bytes

 0000: 0000 0000 0000 0000 0000 0000 0000 0000  ................
 0010: 0000 0000 0000 0000 0000 0000 0000 0000  ................
 0020: 0000 0000 0000 0000 0000 0000 0000 0000  ................
 0030: 0000 0000 0000 0000 0000 0000 0000 0000  ................


[10822]	PCAP real 0x003e virtual [0x002c]
[10822]	ARP REQUEST
[10822]	 --> sha  B8:CA:3A:8E:39:49
[10822]	 --> spa  128.223.6.111
[10822]	 --> tha  00:00:00:00:00:00
[10822]	 --> tpa  128.223.6.114
[10822]	REQUEST FOR US -- 0x7206df80 on eth1!!
[10822]	REPLYING -- 128.223.6.114 B8:CA:3A:8E:39:B3 on eth1 
[10822]	sarp_get_timestamp: eth1 1383518614
[10822]	crypto_sign
[10822]	SHA-1 time: 0 sec 5 usec
[10822]	DSA_sign time: 0 sec 25 usec
[10822]	sarp_sign: datalen 0 siglen 46
[10822]	SIGNATURE:

 0000: 302c 0214 5a00 0307 e100 f6f3 1cfa 8015  0,..Z...........
 0010: 1894 0d15 2166 83d3 0214 4d6e 027d 9398  ....!f....Mn.}..
 0020: 9471 751a a329 ed27 7b88 9bad 7fd8       .qu..).'{.....

[10822]	send_to_wire eth1
[10822]	send_to_wire: len = 58 : 12 0 46
[10822]	send_to_wire: total len 0x0064
[10822]	daveti: arp_request done
[10822]	
***************************************************************

[10822]	sarp_get (one packet dispatched from pcap)
[10822]	CAPTURED: 0x003e bytes

 0000: 0001 0001 0006 00d0 0195 e000 0000 0806  ................
 0010: 0001 0800 0604 0001 00d0 0195 e000 80df  ................
 0020: 0602 0000 0000 0000 80df 06f9 0000 0000  ................
 0030: 0000 0000 0000 0000 0000 0000 0000       ..............


[10822]	OOR: 0x0040 bytes

 0000: 0000 0000 0000 0000 0000 0000 0000 0000  ................
 0010: 0000 0000 0000 0000 0000 0000 0000 0000  ................
 0020: 0000 0000 0000 0000 0000 0000 0000 0000  ................
 0030: 0000 0000 0000 0000 0000 0000 0000 0000  ................


[10822]	PCAP real 0x003e virtual [0x002c]
[10822]	ARP REQUEST
[10822]	 --> sha  00:D0:01:95:E0:00
[10822]	 --> spa  128.223.6.2
[10822]	 --> tha  00:00:00:00:00:00
[10822]	 --> tpa  128.223.6.249
[10822]	daveti: arp_request done
[10822]	
***************************************************************

[10822]	sarp_get (one packet dispatched from pcap)
[10822]	CAPTURED: 0x003e bytes

 0000: 0001 0001 0006 685b 358b add6 0000 0806  ......h[5.......
 0010: 0001 0800 0604 0001 685b 358b add6 80df  ........h[5.....
 0020: 06dc 0000 0000 0000 80df 0601 0000 0000  ................
 0030: 0000 0000 0000 0000 0000 0000 0000       ..............


[10822]	OOR: 0x0040 bytes

 0000: 0000 0000 0000 0000 0000 0000 0000 0000  ................
 0010: 0000 0000 0000 0000 0000 0000 0000 0000  ................
 0020: 0000 0000 0000 0000 0000 0000 0000 0000  ................
 0030: 0000 0000 0000 0000 0000 0000 0000 0000  ................


[10822]	PCAP real 0x003e virtual [0x002c]
[10822]	ARP REQUEST
[10822]	 --> sha  68:5B:35:8B:AD:D6
[10822]	 --> spa  128.223.6.220
[10822]	 --> tha  00:00:00:00:00:00
[10822]	 --> tpa  128.223.6.1
[10822]	daveti: arp_request done
[10822]	
***************************************************************

[10822]	sarp_get (one packet dispatched from pcap)
[10822]	CAPTURED: 0x003e bytes

 0000: 0000 0001 0006 b8ca 3a8e 3949 0000 0806  ........:.9I....
 0010: 0001 0800 0604 0001 b8ca 3a8e 3949 80df  ..........:.9I..
 0020: 066f 0000 0000 0000 80df 0672 0000 0000  .o.........r....
 0030: 0000 0000 0000 0000 0000 0000 0000       ..............


[10822]	OOR: 0x0040 bytes

 0000: 0000 0000 0000 0000 0000 0000 0000 0000  ................
 0010: 0000 0000 0000 0000 0000 0000 0000 0000  ................
 0020: 0000 0000 0000 0000 0000 0000 0000 0000  ................
 0030: 0000 0000 0000 0000 0000 0000 0000 0000  ................


[10822]	PCAP real 0x003e virtual [0x002c]
[10822]	ARP REQUEST
[10822]	 --> sha  B8:CA:3A:8E:39:49
[10822]	 --> spa  128.223.6.111
[10822]	 --> tha  00:00:00:00:00:00
[10822]	 --> tpa  128.223.6.114
[10822]	REQUEST FOR US -- 0x7206df80 on eth1!!
[10822]	REPLYING -- 128.223.6.114 B8:CA:3A:8E:39:B3 on eth1 
[10822]	sarp_get_timestamp: eth1 1383518615
[10822]	crypto_sign
[10822]	SHA-1 time: 0 sec 4 usec
[10822]	DSA_sign time: 0 sec 23 usec
[10822]	sarp_sign: datalen 0 siglen 46
[10822]	SIGNATURE:

 0000: 302c 0214 7ef2 f2c5 b784 eb49 2038 f5e6  0,..~......I 8..
 0010: df27 dc8a 4992 7661 0214 45f4 57ad 57d9  .'..I.va..E.W.W.
 0020: ecb2 d9b0 b7fe cb90 f54b 7d4d 7457       .........K}MtW

[10822]	send_to_wire eth1
[10822]	send_to_wire: len = 58 : 12 0 46
[10822]	send_to_wire: total len 0x0064
[10822]	daveti: arp_request done
[10822]	
***************************************************************

[10822]	sarp_get (one packet dispatched from pcap)
[10822]	CAPTURED: 0x003e bytes

 0000: 0000 0001 0006 b8ca 3a8e 3949 0000 0806  ........:.9I....
 0010: 0001 0800 0604 0001 b8ca 3a8e 3949 80df  ..........:.9I..
 0020: 066f 0000 0000 0000 80df 0672 0000 0000  .o.........r....
 0030: 0000 0000 0000 0000 0000 0000 0000       ..............


[10822]	OOR: 0x0040 bytes

 0000: 0000 0000 0000 0000 0000 0000 0000 0000  ................
 0010: 0000 0000 0000 0000 0000 0000 0000 0000  ................
 0020: 0000 0000 0000 0000 0000 0000 0000 0000  ................
 0030: 0000 0000 0000 0000 0000 0000 0000 0000  ................


[10822]	PCAP real 0x003e virtual [0x002c]
[10822]	ARP REQUEST
[10822]	 --> sha  B8:CA:3A:8E:39:49
[10822]	 --> spa  128.223.6.111
[10822]	 --> tha  00:00:00:00:00:00
[10822]	 --> tpa  128.223.6.114
[10822]	REQUEST FOR US -- 0x7206df80 on eth1!!
[10822]	REPLYING -- 128.223.6.114 B8:CA:3A:8E:39:B3 on eth1 
[10822]	sarp_get_timestamp: eth1 1383518616
[10822]	crypto_sign
[10822]	SHA-1 time: 0 sec 4 usec
[10822]	DSA_sign time: 0 sec 23 usec
[10822]	sarp_sign: datalen 0 siglen 46
[10822]	SIGNATURE:

 0000: 302c 0214 1240 0081 cbc6 8a0c e4ce 8551  0,...@.........Q
 0010: 54cf df50 8877 1a18 0214 51eb 44bb 29b3  T..P.w....Q.D.).
 0020: b353 1bb3 9eb3 efd4 efd7 e770 cf25       .S.........p.%

[10822]	send_to_wire eth1
[10822]	send_to_wire: len = 58 : 12 0 46
[10822]	send_to_wire: total len 0x0064
[10822]	daveti: arp_request done
[10822]	
***************************************************************

[10822]	sarp_get (one packet dispatched from pcap)
[10822]	CAPTURED: 0x003e bytes

 0000: 0001 0001 0006 00d0 0195 e000 0000 0806  ................
 0010: 0001 0800 0604 0001 00d0 0195 e000 80df  ................
 0020: 0602 0000 0000 0000 80df 06fb 0000 0000  ................
 0030: 0000 0000 0000 0000 0000 0000 0000       ..............


[10822]	OOR: 0x0040 bytes

 0000: 0000 0000 0000 0000 0000 0000 0000 0000  ................
 0010: 0000 0000 0000 0000 0000 0000 0000 0000  ................
 0020: 0000 0000 0000 0000 0000 0000 0000 0000  ................
 0030: 0000 0000 0000 0000 0000 0000 0000 0000  ................


[10822]	PCAP real 0x003e virtual [0x002c]
[10822]	ARP REQUEST
[10822]	 --> sha  00:D0:01:95:E0:00
[10822]	 --> spa  128.223.6.2
[10822]	 --> tha  00:00:00:00:00:00
[10822]	 --> tpa  128.223.6.251
[10822]	daveti: arp_request done
[10822]	
***************************************************************

[10822]	sarp_get (one packet dispatched from pcap)
[10822]	CAPTURED: 0x003e bytes

 0000: 0001 0001 0006 00d0 0195 dc00 0000 0806  ................
 0010: 0001 0800 0604 0001 00d0 0195 dc00 80df  ................
 0020: 0603 0000 0000 0000 80df 0655 0000 0000  ...........U....
 0030: 0000 0000 0000 0000 0000 0000 0000       ..............


[10822]	OOR: 0x0040 bytes

 0000: 0000 0000 0000 0000 0000 0000 0000 0000  ................
 0010: 0000 0000 0000 0000 0000 0000 0000 0000  ................
 0020: 0000 0000 0000 0000 0000 0000 0000 0000  ................
 0030: 0000 0000 0000 0000 0000 0000 0000 0000  ................


[10822]	PCAP real 0x003e virtual [0x002c]
[10822]	ARP REQUEST
[10822]	 --> sha  00:D0:01:95:DC:00
[10822]	 --> spa  128.223.6.3
[10822]	 --> tha  00:00:00:00:00:00
[10822]	 --> tpa  128.223.6.85
[10822]	daveti: arp_request done
[10822]	
***************************************************************

[10822]	sarp_get (one packet dispatched from pcap)
[10822]	CAPTURED: 0x003e bytes

 0000: 0001 0001 0006 00d0 0195 e000 0000 0806  ................
 0010: 0001 0800 0604 0001 00d0 0195 e000 80df  ................
 0020: 0602 0000 0000 0000 80df 06f9 0000 0000  ................
 0030: 0000 0000 0000 0000 0000 0000 0000       ..............


[10822]	OOR: 0x0040 bytes

 0000: 0000 0000 0000 0000 0000 0000 0000 0000  ................
 0010: 0000 0000 0000 0000 0000 0000 0000 0000  ................
 0020: 0000 0000 0000 0000 0000 0000 0000 0000  ................
 0030: 0000 0000 0000 0000 0000 0000 0000 0000  ................


[10822]	PCAP real 0x003e virtual [0x002c]
[10822]	ARP REQUEST
[10822]	 --> sha  00:D0:01:95:E0:00
[10822]	 --> spa  128.223.6.2
[10822]	 --> tha  00:00:00:00:00:00
[10822]	 --> tpa  128.223.6.249
[10822]	daveti: arp_request done
[10822]	
***************************************************************

[10822]	sarp_get (one packet dispatched from pcap)
[10822]	CAPTURED: 0x003e bytes

 0000: 0001 0001 0006 c8bc c89e 67df 0000 0806  ..........g.....
 0010: 0001 0800 0604 0001 c8bc c89e 67df 80df  ............g...
 0020: 06a5 0000 0000 0000 80df 0601 0000 0000  ................
 0030: 0000 0000 0000 0000 0000 0000 0000       ..............


[10822]	OOR: 0x0040 bytes

 0000: 0000 0000 0000 0000 0000 0000 0000 0000  ................
 0010: 0000 0000 0000 0000 0000 0000 0000 0000  ................
 0020: 0000 0000 0000 0000 0000 0000 0000 0000  ................
 0030: 0000 0000 0000 0000 0000 0000 0000 0000  ................


[10822]	PCAP real 0x003e virtual [0x002c]
[10822]	ARP REQUEST
[10822]	 --> sha  C8:BC:C8:9E:67:DF
[10822]	 --> spa  128.223.6.165
[10822]	 --> tha  00:00:00:00:00:00
[10822]	 --> tpa  128.223.6.1
[10822]	daveti: arp_request done
[10822]	
***************************************************************

[10822]	sarp_get (one packet dispatched from pcap)
[10822]	CAPTURED: 0x003e bytes

 0000: 0001 0001 0006 00d0 0195 dc00 0000 0806  ................
 0010: 0001 0800 0604 0001 00d0 0195 dc00 80df  ................
 0020: 0603 0000 0000 0000 80df 064a 0000 0000  ...........J....
 0030: 0000 0000 0000 0000 0000 0000 0000       ..............


[10822]	OOR: 0x0040 bytes

 0000: 0000 0000 0000 0000 0000 0000 0000 0000  ................
 0010: 0000 0000 0000 0000 0000 0000 0000 0000  ................
 0020: 0000 0000 0000 0000 0000 0000 0000 0000  ................
 0030: 0000 0000 0000 0000 0000 0000 0000 0000  ................


[10822]	PCAP real 0x003e virtual [0x002c]
[10822]	ARP REQUEST
[10822]	 --> sha  00:D0:01:95:DC:00
[10822]	 --> spa  128.223.6.3
[10822]	 --> tha  00:00:00:00:00:00
[10822]	 --> tpa  128.223.6.74
[10822]	daveti: arp_request done
[10822]	
***************************************************************

[10822]	sarp_get (one packet dispatched from pcap)
[10822]	CAPTURED: 0x003e bytes

 0000: 0001 0001 0006 00d0 0195 e000 0000 0806  ................
 0010: 0001 0800 0604 0001 00d0 0195 e000 80df  ................
 0020: 0602 0000 0000 0000 80df 062f 0000 0000  .........../....
 0030: 0000 0000 0000 0000 0000 0000 0000       ..............


[10822]	OOR: 0x0040 bytes

 0000: 0000 0000 0000 0000 0000 0000 0000 0000  ................
 0010: 0000 0000 0000 0000 0000 0000 0000 0000  ................
 0020: 0000 0000 0000 0000 0000 0000 0000 0000  ................
 0030: 0000 0000 0000 0000 0000 0000 0000 0000  ................


[10822]	PCAP real 0x003e virtual [0x002c]
[10822]	ARP REQUEST
[10822]	 --> sha  00:D0:01:95:E0:00
[10822]	 --> spa  128.223.6.2
[10822]	 --> tha  00:00:00:00:00:00
[10822]	 --> tpa  128.223.6.47
[10822]	daveti: arp_request done
[10822]	
***************************************************************

[10822]	sarp_get (one packet dispatched from pcap)
[10822]	CAPTURED: 0x003e bytes

 0000: 0001 0001 0006 b8ca 3a8e 3949 0000 0806  ........:.9I....
 0010: 0001 0800 0604 0001 b8ca 3a8e 3949 80df  ..........:.9I..
 0020: 066f 0000 0000 0000 80df 0672 0000 0000  .o.........r....
 0030: 0000 0000 0000 0000 0000 0000 0000       ..............


[10822]	OOR: 0x0040 bytes

 0000: 0000 0000 0000 0000 0000 0000 0000 0000  ................
 0010: 0000 0000 0000 0000 0000 0000 0000 0000  ................
 0020: 0000 0000 0000 0000 0000 0000 0000 0000  ................
 0030: 0000 0000 0000 0000 0000 0000 0000 0000  ................


[10822]	PCAP real 0x003e virtual [0x002c]
[10822]	ARP REQUEST
[10822]	 --> sha  B8:CA:3A:8E:39:49
[10822]	 --> spa  128.223.6.111
[10822]	 --> tha  00:00:00:00:00:00
[10822]	 --> tpa  128.223.6.114
[10822]	REQUEST FOR US -- 0x7206df80 on eth1!!
[10822]	REPLYING -- 128.223.6.114 B8:CA:3A:8E:39:B3 on eth1 
[10822]	sarp_get_timestamp: eth1 1383518618
[10822]	crypto_sign
[10822]	SHA-1 time: 0 sec 4 usec
[10822]	DSA_sign time: 0 sec 23 usec
[10822]	sarp_sign: datalen 0 siglen 46
[10822]	SIGNATURE:

 0000: 302c 0214 6d7e 45a1 1f94 aa4b 5603 d308  0,..m~E....KV...
 0010: 8961 67ba b24a d740 0214 33a8 0c88 6c4c  .ag..J.@..3...lL
 0020: 8c7c 23b2 d69d b522 9643 6f56 e979       .|#....".CoV.y

[10822]	send_to_wire eth1
[10822]	send_to_wire: len = 58 : 12 0 46
[10822]	send_to_wire: total len 0x0064
[10822]	daveti: arp_request done
[10822]	
***************************************************************

[10822]	sarp_get (one packet dispatched from pcap)
[10822]	CAPTURED: 0x003e bytes

 0000: 0001 0001 0006 b8ca 3a8e 3949 0000 0806  ........:.9I....
 0010: 0001 0800 0604 0001 b8ca 3a8e 3949 80df  ..........:.9I..
 0020: 066f 0000 0000 0000 80df 0672 0000 0000  .o.........r....
 0030: 0000 0000 0000 0000 0000 0000 0000       ..............


[10822]	OOR: 0x0040 bytes

 0000: 0000 0000 0000 0000 0000 0000 0000 0000  ................
 0010: 0000 0000 0000 0000 0000 0000 0000 0000  ................
 0020: 0000 0000 0000 0000 0000 0000 0000 0000  ................
 0030: 0000 0000 0000 0000 0000 0000 0000 0000  ................


[10822]	PCAP real 0x003e virtual [0x002c]
[10822]	ARP REQUEST
[10822]	 --> sha  B8:CA:3A:8E:39:49
[10822]	 --> spa  128.223.6.111
[10822]	 --> tha  00:00:00:00:00:00
[10822]	 --> tpa  128.223.6.114
[10822]	REQUEST FOR US -- 0x7206df80 on eth1!!
[10822]	REPLYING -- 128.223.6.114 B8:CA:3A:8E:39:B3 on eth1 
[10822]	sarp_get_timestamp: eth1 1383518619
[10822]	crypto_sign
[10822]	SHA-1 time: 0 sec 2 usec
[10822]	DSA_sign time: 0 sec 19 usec
[10822]	sarp_sign: datalen 0 siglen 47
[10822]	SIGNATURE:

 0000: 302d 0215 008a e5dd 6156 1cda c853 7e25  0-......aV...S~%
 0010: e407 cbfa 1bdf 9fca 6402 146c babe 7f18  ........d..l....
 0020: 3619 f9a9 4f55 cb53 c65c 39cd 627f 28    6...OU.S.\9.b.(

[10822]	send_to_wire eth1
[10822]	send_to_wire: len = 59 : 12 0 47
[10822]	send_to_wire: total len 0x0065
[10822]	daveti: arp_request done
[10822]	
***************************************************************

[10822]	sarp_get (one packet dispatched from pcap)
[10822]	CAPTURED: 0x003e bytes

 0000: 0001 0001 0006 b8ca 3a8e 3949 0000 0806  ........:.9I....
 0010: 0001 0800 0604 0001 b8ca 3a8e 3949 80df  ..........:.9I..
 0020: 066f 0000 0000 0000 80df 0672 0000 0000  .o.........r....
 0030: 0000 0000 0000 0000 0000 0000 0000       ..............


[10822]	OOR: 0x0040 bytes

 0000: 0000 0000 0000 0000 0000 0000 0000 0000  ................
 0010: 0000 0000 0000 0000 0000 0000 0000 0000  ................
 0020: 0000 0000 0000 0000 0000 0000 0000 0000  ................
 0030: 0000 0000 0000 0000 0000 0000 0000 0000  ................


[10822]	PCAP real 0x003e virtual [0x002c]
[10822]	ARP REQUEST
[10822]	 --> sha  B8:CA:3A:8E:39:49
[10822]	 --> spa  128.223.6.111
[10822]	 --> tha  00:00:00:00:00:00
[10822]	 --> tpa  128.223.6.114
[10822]	REQUEST FOR US -- 0x7206df80 on eth1!!
[10822]	REPLYING -- 128.223.6.114 B8:CA:3A:8E:39:B3 on eth1 
[10822]	sarp_get_timestamp: eth1 1383518620
[10822]	crypto_sign
[10822]	SHA-1 time: 0 sec 3 usec
[10822]	DSA_sign time: 0 sec 19 usec
[10822]	sarp_sign: datalen 0 siglen 46
[10822]	SIGNATURE:

 0000: 302c 0214 770c a568 3501 58f9 6f74 5eb7  0,..w..h5.X.ot^.
 0010: 12fb 4474 2893 9759 0214 2cbb 1dfe 3d5b  ..Dt(..Y..,...=[
 0020: 6e7d 80b3 7ca0 e277 101f 7853 1a19       n}..|..w..xS..

[10822]	send_to_wire eth1
[10822]	send_to_wire: len = 58 : 12 0 46
[10822]	send_to_wire: total len 0x0064
[10822]	daveti: arp_request done
[10822]	
***************************************************************

[10822]	sarp_get (one packet dispatched from pcap)
[10822]	CAPTURED: 0x003e bytes

 0000: 0001 0001 0006 00d0 0195 e000 0000 0806  ................
 0010: 0001 0800 0604 0001 00d0 0195 e000 80df  ................
 0020: 0602 0000 0000 0000 80df 06f9 0000 0000  ................
 0030: 0000 0000 0000 0000 0000 0000 0000       ..............


[10822]	OOR: 0x0040 bytes

 0000: 0000 0000 0000 0000 0000 0000 0000 0000  ................
 0010: 0000 0000 0000 0000 0000 0000 0000 0000  ................
 0020: 0000 0000 0000 0000 0000 0000 0000 0000  ................
 0030: 0000 0000 0000 0000 0000 0000 0000 0000  ................


[10822]	PCAP real 0x003e virtual [0x002c]
[10822]	ARP REQUEST
[10822]	 --> sha  00:D0:01:95:E0:00
[10822]	 --> spa  128.223.6.2
[10822]	 --> tha  00:00:00:00:00:00
[10822]	 --> tpa  128.223.6.249
[10822]	daveti: arp_request done
[10822]	
***************************************************************

[10822]	sarp_get (one packet dispatched from pcap)
[10822]	CAPTURED: 0x003e bytes

 0000: 0001 0001 0006 00d0 0195 e000 0000 0806  ................
 0010: 0001 0800 0604 0001 00d0 0195 e000 80df  ................
 0020: 0602 0000 0000 0000 80df 0670 0000 0000  ...........p....
 0030: 0000 0000 0000 0000 0000 0000 0000       ..............


[10822]	OOR: 0x0040 bytes

 0000: 0000 0000 0000 0000 0000 0000 0000 0000  ................
 0010: 0000 0000 0000 0000 0000 0000 0000 0000  ................
 0020: 0000 0000 0000 0000 0000 0000 0000 0000  ................
 0030: 0000 0000 0000 0000 0000 0000 0000 0000  ................


[10822]	PCAP real 0x003e virtual [0x002c]
[10822]	ARP REQUEST
[10822]	 --> sha  00:D0:01:95:E0:00
[10822]	 --> spa  128.223.6.2
[10822]	 --> tha  00:00:00:00:00:00
[10822]	 --> tpa  128.223.6.112
[10822]	daveti: arp_request done
[10822]	
***************************************************************

[10822]	sarp_get (one packet dispatched from pcap)
[10822]	CAPTURED: 0x003e bytes

 0000: 0001 0001 0006 00d0 0195 dc00 0000 0806  ................
 0010: 0001 0800 0604 0001 00d0 0195 dc00 80df  ................
 0020: 0603 0000 0000 0000 80df 0622 0000 0000  ..........."....
 0030: 0000 0000 0000 0000 0000 0000 0000       ..............


[10822]	OOR: 0x0040 bytes

 0000: 0000 0000 0000 0000 0000 0000 0000 0000  ................
 0010: 0000 0000 0000 0000 0000 0000 0000 0000  ................
 0020: 0000 0000 0000 0000 0000 0000 0000 0000  ................
 0030: 0000 0000 0000 0000 0000 0000 0000 0000  ................


[10822]	PCAP real 0x003e virtual [0x002c]
[10822]	ARP REQUEST
[10822]	 --> sha  00:D0:01:95:DC:00
[10822]	 --> spa  128.223.6.3
[10822]	 --> tha  00:00:00:00:00:00
[10822]	 --> tpa  128.223.6.34
[10822]	daveti: arp_request done
[10822]	
***************************************************************

[10822]	sarp_get (one packet dispatched from pcap)
[10822]	CAPTURED: 0x003e bytes

 0000: 0001 0001 0006 00d0 0195 e000 0000 0806  ................
 0010: 0001 0800 0604 0001 00d0 0195 e000 80df  ................
 0020: 0602 0000 0000 0000 80df 0622 0000 0000  ..........."....
 0030: 0000 0000 0000 0000 0000 0000 0000       ..............


[10822]	OOR: 0x0040 bytes

 0000: 0000 0000 0000 0000 0000 0000 0000 0000  ................
 0010: 0000 0000 0000 0000 0000 0000 0000 0000  ................
 0020: 0000 0000 0000 0000 0000 0000 0000 0000  ................
 0030: 0000 0000 0000 0000 0000 0000 0000 0000  ................


[10822]	PCAP real 0x003e virtual [0x002c]
[10822]	ARP REQUEST
[10822]	 --> sha  00:D0:01:95:E0:00
[10822]	 --> spa  128.223.6.2
[10822]	 --> tha  00:00:00:00:00:00
[10822]	 --> tpa  128.223.6.34
[10822]	daveti: arp_request done
[10822]	
***************************************************************

[10822]	sarp_get (one packet dispatched from pcap)
[10822]	CAPTURED: 0x003e bytes

 0000: 0001 0001 0006 00d0 0195 e000 0000 0806  ................
 0010: 0001 0800 0604 0001 00d0 0195 e000 80df  ................
 0020: 0602 0000 0000 0000 80df 062f 0000 0000  .........../....
 0030: 0000 0000 0000 0000 0000 0000 0000       ..............


[10822]	OOR: 0x0040 bytes

 0000: 0000 0000 0000 0000 0000 0000 0000 0000  ................
 0010: 0000 0000 0000 0000 0000 0000 0000 0000  ................
 0020: 0000 0000 0000 0000 0000 0000 0000 0000  ................
 0030: 0000 0000 0000 0000 0000 0000 0000 0000  ................


[10822]	PCAP real 0x003e virtual [0x002c]
[10822]	ARP REQUEST
[10822]	 --> sha  00:D0:01:95:E0:00
[10822]	 --> spa  128.223.6.2
[10822]	 --> tha  00:00:00:00:00:00
[10822]	 --> tpa  128.223.6.47
[10822]	daveti: arp_request done
[10822]	
***************************************************************

[10822]	sarp_get (one packet dispatched from pcap)
[10822]	CAPTURED: 0x003e bytes

 0000: 0001 0001 0006 00d0 0195 e000 0000 0806  ................
 0010: 0001 0800 0604 0001 00d0 0195 e000 80df  ................
 0020: 0602 0000 0000 0000 80df 06ba 0000 0000  ................
 0030: 0000 0000 0000 0000 0000 0000 0000       ..............


[10822]	OOR: 0x0040 bytes

 0000: 0000 0000 0000 0000 0000 0000 0000 0000  ................
 0010: 0000 0000 0000 0000 0000 0000 0000 0000  ................
 0020: 0000 0000 0000 0000 0000 0000 0000 0000  ................
 0030: 0000 0000 0000 0000 0000 0000 0000 0000  ................


[10822]	PCAP real 0x003e virtual [0x002c]
[10822]	ARP REQUEST
[10822]	 --> sha  00:D0:01:95:E0:00
[10822]	 --> spa  128.223.6.2
[10822]	 --> tha  00:00:00:00:00:00
[10822]	 --> tpa  128.223.6.186
[10822]	daveti: arp_request done
[10822]	
***************************************************************

[10822]	sarp_get (one packet dispatched from pcap)
[10822]	CAPTURED: 0x003e bytes

 0000: 0001 0001 0006 00d0 0195 dc00 0000 0806  ................
 0010: 0001 0800 0604 0001 00d0 0195 dc00 80df  ................
 0020: 0603 0000 0000 0000 80df 0670 0000 0000  ...........p....
 0030: 0000 0000 0000 0000 0000 0000 0000       ..............


[10822]	OOR: 0x0040 bytes

 0000: 0000 0000 0000 0000 0000 0000 0000 0000  ................
 0010: 0000 0000 0000 0000 0000 0000 0000 0000  ................
 0020: 0000 0000 0000 0000 0000 0000 0000 0000  ................
 0030: 0000 0000 0000 0000 0000 0000 0000 0000  ................


[10822]	PCAP real 0x003e virtual [0x002c]
[10822]	ARP REQUEST
[10822]	 --> sha  00:D0:01:95:DC:00
[10822]	 --> spa  128.223.6.3
[10822]	 --> tha  00:00:00:00:00:00
[10822]	 --> tpa  128.223.6.112
[10822]	daveti: arp_request done
[10822]	
***************************************************************

[10822]	sarp_get (one packet dispatched from pcap)
[10822]	CAPTURED: 0x003e bytes

 0000: 0001 0001 0006 70cd 60f2 f0b2 0000 0806  ......p.`.......
 0010: 0001 0800 0604 0001 70cd 60f2 f0b2 80df  ........p.`.....
 0020: 06c1 0000 0000 0000 80df 0601 0000 0000  ................
 0030: 0000 0000 0000 0000 0000 0000 0000       ..............


[10822]	OOR: 0x0040 bytes

 0000: 0000 0000 0000 0000 0000 0000 0000 0000  ................
 0010: 0000 0000 0000 0000 0000 0000 0000 0000  ................
 0020: 0000 0000 0000 0000 0000 0000 0000 0000  ................
 0030: 0000 0000 0000 0000 0000 0000 0000 0000  ................


[10822]	PCAP real 0x003e virtual [0x002c]
[10822]	ARP REQUEST
[10822]	 --> sha  70:CD:60:F2:F0:B2
[10822]	 --> spa  128.223.6.193
[10822]	 --> tha  00:00:00:00:00:00
[10822]	 --> tpa  128.223.6.1
[10822]	daveti: arp_request done
[10822]	
***************************************************************

[10822]	sarp_get (one packet dispatched from pcap)
[10822]	CAPTURED: 0x003e bytes

 0000: 0001 0001 0006 00d0 0195 dc00 0000 0806  ................
 0010: 0001 0800 0604 0001 00d0 0195 dc00 80df  ................
 0020: 0603 0000 0000 0000 80df 0670 0000 0000  ...........p....
 0030: 0000 0000 0000 0000 0000 0000 0000       ..............


[10822]	OOR: 0x0040 bytes

 0000: 0000 0000 0000 0000 0000 0000 0000 0000  ................
 0010: 0000 0000 0000 0000 0000 0000 0000 0000  ................
 0020: 0000 0000 0000 0000 0000 0000 0000 0000  ................
 0030: 0000 0000 0000 0000 0000 0000 0000 0000  ................


[10822]	PCAP real 0x003e virtual [0x002c]
[10822]	ARP REQUEST
[10822]	 --> sha  00:D0:01:95:DC:00
[10822]	 --> spa  128.223.6.3
[10822]	 --> tha  00:00:00:00:00:00
[10822]	 --> tpa  128.223.6.112
[10822]	daveti: arp_request done
[10822]	
***************************************************************

[10822]	sarp_get (one packet dispatched from pcap)
[10822]	CAPTURED: 0x003e bytes

 0000: 0001 0001 0006 00d0 0195 e000 0000 0806  ................
 0010: 0001 0800 0604 0001 00d0 0195 e000 80df  ................
 0020: 0602 0000 0000 0000 80df 0667 0000 0000  ...........g....
 0030: 0000 0000 0000 0000 0000 0000 0000       ..............


[10822]	OOR: 0x0040 bytes

 0000: 0000 0000 0000 0000 0000 0000 0000 0000  ................
 0010: 0000 0000 0000 0000 0000 0000 0000 0000  ................
 0020: 0000 0000 0000 0000 0000 0000 0000 0000  ................
 0030: 0000 0000 0000 0000 0000 0000 0000 0000  ................


[10822]	PCAP real 0x003e virtual [0x002c]
[10822]	ARP REQUEST
[10822]	 --> sha  00:D0:01:95:E0:00
[10822]	 --> spa  128.223.6.2
[10822]	 --> tha  00:00:00:00:00:00
[10822]	 --> tpa  128.223.6.103
[10822]	daveti: arp_request done
[10822]	
***************************************************************

[10822]	sarp_get (one packet dispatched from pcap)
[10822]	CAPTURED: 0x003e bytes

 0000: 0001 0001 0006 70cd 60a9 f6b2 0000 0806  ......p.`.......
 0010: 0001 0800 0604 0001 70cd 60a9 f6b2 80df  ........p.`.....
 0020: 06f1 0000 0000 0000 80df 0601 0000 0000  ................
 0030: 0000 0000 0000 0000 0000 0000 0000       ..............


[10822]	OOR: 0x0040 bytes

 0000: 0000 0000 0000 0000 0000 0000 0000 0000  ................
 0010: 0000 0000 0000 0000 0000 0000 0000 0000  ................
 0020: 0000 0000 0000 0000 0000 0000 0000 0000  ................
 0030: 0000 0000 0000 0000 0000 0000 0000 0000  ................


[10822]	PCAP real 0x003e virtual [0x002c]
[10822]	ARP REQUEST
[10822]	 --> sha  70:CD:60:A9:F6:B2
[10822]	 --> spa  128.223.6.241
[10822]	 --> tha  00:00:00:00:00:00
[10822]	 --> tpa  128.223.6.1
[10822]	daveti: arp_request done
[10822]	
***************************************************************

[10822]	sarp_get (one packet dispatched from pcap)
[10822]	CAPTURED: 0x003e bytes

 0000: 0001 0001 0006 00d0 0195 dc00 0000 0806  ................
 0010: 0001 0800 0604 0001 00d0 0195 dc00 80df  ................
 0020: 0603 0000 0000 0000 80df 0670 0000 0000  ...........p....
 0030: 0000 0000 0000 0000 0000 0000 0000       ..............


[10822]	OOR: 0x0040 bytes

 0000: 0000 0000 0000 0000 0000 0000 0000 0000  ................
 0010: 0000 0000 0000 0000 0000 0000 0000 0000  ................
 0020: 0000 0000 0000 0000 0000 0000 0000 0000  ................
 0030: 0000 0000 0000 0000 0000 0000 0000 0000  ................


[10822]	PCAP real 0x003e virtual [0x002c]
[10822]	ARP REQUEST
[10822]	 --> sha  00:D0:01:95:DC:00
[10822]	 --> spa  128.223.6.3
[10822]	 --> tha  00:00:00:00:00:00
[10822]	 --> tpa  128.223.6.112
[10822]	daveti: arp_request done
[10822]	
***************************************************************

[10822]	sarp_get (one packet dispatched from pcap)
[10822]	CAPTURED: 0x003e bytes

 0000: 0001 0001 0006 00d0 0195 dc00 0000 0806  ................
 0010: 0001 0800 0604 0001 00d0 0195 dc00 80df  ................
 0020: 0603 0000 0000 0000 80df 0670 0000 0000  ...........p....
 0030: 0000 0000 0000 0000 0000 0000 0000       ..............


[10822]	OOR: 0x0040 bytes

 0000: 0000 0000 0000 0000 0000 0000 0000 0000  ................
 0010: 0000 0000 0000 0000 0000 0000 0000 0000  ................
 0020: 0000 0000 0000 0000 0000 0000 0000 0000  ................
 0030: 0000 0000 0000 0000 0000 0000 0000 0000  ................


[10822]	PCAP real 0x003e virtual [0x002c]
[10822]	ARP REQUEST
[10822]	 --> sha  00:D0:01:95:DC:00
[10822]	 --> spa  128.223.6.3
[10822]	 --> tha  00:00:00:00:00:00
[10822]	 --> tpa  128.223.6.112
[10822]	daveti: arp_request done
[10822]	
***************************************************************

[10822]	sarp_get (one packet dispatched from pcap)
[10822]	CAPTURED: 0x003e bytes

 0000: 0001 0001 0006 842b 2b95 63ab 0000 0806  .......++.c.....
 0010: 0001 0800 0604 0001 842b 2b95 63ab 80df  .........++.c...
 0020: 06d1 0000 0000 0000 80df 0601 0000 0000  ................
 0030: 0000 0000 0000 0000 0000 0000 0000       ..............


[10822]	OOR: 0x0040 bytes

 0000: 0000 0000 0000 0000 0000 0000 0000 0000  ................
 0010: 0000 0000 0000 0000 0000 0000 0000 0000  ................
 0020: 0000 0000 0000 0000 0000 0000 0000 0000  ................
 0030: 0000 0000 0000 0000 0000 0000 0000 0000  ................


[10822]	PCAP real 0x003e virtual [0x002c]
[10822]	ARP REQUEST
[10822]	 --> sha  84:2B:2B:95:63:AB
[10822]	 --> spa  128.223.6.209
[10822]	 --> tha  00:00:00:00:00:00
[10822]	 --> tpa  128.223.6.1
[10822]	daveti: arp_request done
[10822]	Signal handler... (caught SIGNAL: 2) | Interrupt
[10822]	neigh_enable_kernel
