
==============================================================

Configured with  :  ./configure dummy make 

Detected options :  DEBUG  daveti-hack-debug 

==============================================================

-> sarpd 0.0.9-devel

-> running on Linux 3.2.0-56-generic x86_64
-> glibc version 2.15
-> compiled with gcc 4.6


DEVICE OPENED FOR sarpd DEBUGGING

[ 8910]	main -- here we go !!
[ 8910]	signal_handler activated
[ 8910]	parse_options -- [0] [/root/git/master/src/sarpd]
[ 8910]	parse_options -- [1] [-c]
[ 8910]	parse_options -- [2] [/root/sarp/etc/sarpd/sarpd_conf]
[ 8910]	parse_options -- [3] [-k]
[ 8910]	parse_options -- [4] [/root/sarp/etc/sarpd/known_hosts]
[ 8910]	check_configuration
[ 8910]	daemonize
[ 8910]	daemon -- here we go !!
[ 8910]	capture_init
[ 8910]	load_ifs: 2 iface loaded
[ 8910]	load_configuration
[ 8910]	flushing old known hosts
[ 8910]	loading new known hosts from /root/sarp/etc/sarpd/known_hosts
[ 8910]	load_conf /root/sarp/etc/sarpd/sarpd_conf
[ 8910]	CAKey -- /root/sarp/etc/sarpd/arpsec02.ca.sarp.sarp
[ 8910]	crypto_load_sarp_file /root/sarp/etc/sarpd/arpsec02.ca.sarp.sarp
[ 8910]	SHA-1 time: 0 sec 14 usec
[ 8910]	DSA_verify time: 0 sec 340 usec
[ 8910]	crypto_verify_sign : success
[ 8910]	crypto_load_sarp_file result: 0x7106df80 B8:CA:3A:8E:38:44
[ 8910]	key_add: add 0x7106df80
[ 8910]	ca_add 0x7106df80 B8:CA:3A:8E:38:44 on eth1
[ 8910]	ca_add: add eth1
[ 8910]	MYKey -- /root/sarp/etc/sarpd/arpsec04.sarp
[ 8910]	DHCPKey -- /etc/sarpd/id_sarp_dhcp.sarp
[ 8910]	DHCP support not yet implemented
[ 8910]	KEYDir -- /root/sarp/etc/sarpd/hosts
[ 8910]	crypto_init : calculating DSA kinv and r
[ 8910]	crypto_init : initialized | our key is 1024 bits
[ 8910]	neigh_disable_kernel
[ 8910]	neigh_flush_all_tables
[ 8910]	neigh_flush_table eth0
[ 8910]	neigh_flush_table eth1
[ 8910]	*** deleting 2 entries ***
[ 8910]	sarp_send_time_request
[ 8910]	get CA key eth1
[ 8910]	send_to_wire eth1
[ 8910]	send_to_wire: len = 12 : 12 0 0
[ 8910]	send_to_wire: total len 0x0036
[ 8910]	neverending loop (capture)
[ 8910]	
***************************************************************

[ 8910]	sarp_get (one packet dispatched from pcap)
[ 8910]	CAPTURED: 0x0066 bytes

 0000: 0000 0001 0006 b8ca 3a8e 3844 0000 0806  ........:.8D....
 0010: 0001 0800 0604 00ff 0000 0000 0000 80df  ................
 0020: 0671 b8ca 3a8e 39b3 0200 0000 7599 e11e  .q..:.9.....u...
 0030: 022e 0000 5275 8c0a 302c 0214 2f62 3a9d  ....Ru..0,../b:.
 0040: 7131 488d ca0c 16d4 a64f c434 a7aa 0e3d  q1H......O.4...=
 0050: 0214 513b eb6a 0c29 45fb a1ba e854 5885  ..Q;.j.)E....TX.
 0060: 76b3 e3f6 1b72                           v....r


[ 8910]	OOR: 0x0040 bytes

 0000: 0000 0000 0000 0000 0000 0000 0000 0000  ................
 0010: 0000 0000 0000 0000 0000 0000 0000 0000  ................
 0020: 0000 0000 0000 0000 0000 0000 0000 0000  ................
 0030: 0000 0000 0000 0000 0000 0000 0000 0000  ................


[ 8910]	PCAP real 0x0066 virtual [0x0066]
[ 8910]	SARP OPERATION
[ 8910]	 --> sha       00:00:00:00:00:00
[ 8910]	 --> spa       128.223.6.113
[ 8910]	 --> tha       B8:CA:3A:8E:39:B3
[ 8910]	 --> tpa       2.0.0.0
[ 8910]	 --> magic     0x7599e11e
[ 8910]	 --> type      0x02
[ 8910]	 --> datalen   0
[ 8910]	 --> siglen    46
[ 8910]	 --> timestamp 1383435274
[ 8910]	SARPOP_TIME_REPLY
[ 8910]	sarp_op_time_reply
[ 8910]	sarp_verify_ca_sign
[ 8910]	get CA key eth1
[ 8910]	sarp_verify_ca_sign: slen 40 datalen 0 siglen 46
[ 8910]	VERIFY:

 0000: 302c 0214 2f62 3a9d 7131 488d ca0c 16d4  0,../b:.q1H.....
 0010: a64f c434 a7aa 0e3d 0214 513b eb6a 0c29  .O.4...=..Q;.j.)
 0020: 45fb a1ba e854 5885 76b3 e3f6 1b72       E....TX.v....r

[ 8910]	SHA-1 time: 0 sec 2 usec
[ 8910]	DSA_verify time: 0 sec 318 usec
[ 8910]	crypto_verify_sign : success
[ 8910]	sarp_set_delta: adjusting -31 sec
[ 8910]	
***************************************************************

[ 8910]	sarp_get (one packet dispatched from pcap)
[ 8910]	CAPTURED: 0x003e bytes

 0000: 0001 0001 0006 00d0 0195 e000 0000 0806  ................
 0010: 0001 0800 0604 0001 00d0 0195 e000 80df  ................
 0020: 0602 0000 0000 0000 80df 069d 0000 0000  ................
 0030: 0000 0000 0000 0000 0000 0000 0000       ..............


[ 8910]	OOR: 0x0040 bytes

 0000: 0000 0000 0000 0000 0000 0000 0000 0000  ................
 0010: 0000 0000 0000 0000 0000 0000 0000 0000  ................
 0020: 0000 0000 0000 0000 0000 0000 0000 0000  ................
 0030: 0000 0000 0000 0000 0000 0000 0000 0000  ................


[ 8910]	PCAP real 0x003e virtual [0x002c]
[ 8910]	ARP REQUEST
[ 8910]	 --> sha  00:D0:01:95:E0:00
[ 8910]	 --> spa  128.223.6.2
[ 8910]	 --> tha  00:00:00:00:00:00
[ 8910]	 --> tpa  128.223.6.157
[ 8910]	daveti: arp_request done
[ 8910]	
***************************************************************

[ 8910]	sarp_get (one packet dispatched from pcap)
[ 8910]	CAPTURED: 0x003e bytes

 0000: 0001 0001 0006 00d0 0195 dc00 0000 0806  ................
 0010: 0001 0800 0604 0001 00d0 0195 dc00 80df  ................
 0020: 0603 0000 0000 0000 80df 0670 0000 0000  ...........p....
 0030: 0000 0000 0000 0000 0000 0000 0000       ..............


[ 8910]	OOR: 0x0040 bytes

 0000: 0000 0000 0000 0000 0000 0000 0000 0000  ................
 0010: 0000 0000 0000 0000 0000 0000 0000 0000  ................
 0020: 0000 0000 0000 0000 0000 0000 0000 0000  ................
 0030: 0000 0000 0000 0000 0000 0000 0000 0000  ................


[ 8910]	PCAP real 0x003e virtual [0x002c]
[ 8910]	ARP REQUEST
[ 8910]	 --> sha  00:D0:01:95:DC:00
[ 8910]	 --> spa  128.223.6.3
[ 8910]	 --> tha  00:00:00:00:00:00
[ 8910]	 --> tpa  128.223.6.112
[ 8910]	daveti: arp_request done
[ 8910]	
***************************************************************

[ 8910]	sarp_get (one packet dispatched from pcap)
[ 8910]	CAPTURED: 0x003e bytes

 0000: 0001 0001 0006 00d0 0195 e000 0000 0806  ................
 0010: 0001 0800 0604 0001 00d0 0195 e000 80df  ................
 0020: 0602 0000 0000 0000 80df 0624 0000 0000  ...........$....
 0030: 0000 0000 0000 0000 0000 0000 0000       ..............


[ 8910]	OOR: 0x0040 bytes

 0000: 0000 0000 0000 0000 0000 0000 0000 0000  ................
 0010: 0000 0000 0000 0000 0000 0000 0000 0000  ................
 0020: 0000 0000 0000 0000 0000 0000 0000 0000  ................
 0030: 0000 0000 0000 0000 0000 0000 0000 0000  ................


[ 8910]	PCAP real 0x003e virtual [0x002c]
[ 8910]	ARP REQUEST
[ 8910]	 --> sha  00:D0:01:95:E0:00
[ 8910]	 --> spa  128.223.6.2
[ 8910]	 --> tha  00:00:00:00:00:00
[ 8910]	 --> tpa  128.223.6.36
[ 8910]	daveti: arp_request done
[ 8910]	
***************************************************************

[ 8910]	sarp_get (one packet dispatched from pcap)
[ 8910]	CAPTURED: 0x003e bytes

 0000: 0001 0001 0006 00d0 0195 dc00 0000 0806  ................
 0010: 0001 0800 0604 0001 00d0 0195 dc00 80df  ................
 0020: 0603 0000 0000 0000 80df 0670 0000 0000  ...........p....
 0030: 0000 0000 0000 0000 0000 0000 0000       ..............


[ 8910]	OOR: 0x0040 bytes

 0000: 0000 0000 0000 0000 0000 0000 0000 0000  ................
 0010: 0000 0000 0000 0000 0000 0000 0000 0000  ................
 0020: 0000 0000 0000 0000 0000 0000 0000 0000  ................
 0030: 0000 0000 0000 0000 0000 0000 0000 0000  ................


[ 8910]	PCAP real 0x003e virtual [0x002c]
[ 8910]	ARP REQUEST
[ 8910]	 --> sha  00:D0:01:95:DC:00
[ 8910]	 --> spa  128.223.6.3
[ 8910]	 --> tha  00:00:00:00:00:00
[ 8910]	 --> tpa  128.223.6.112
[ 8910]	daveti: arp_request done
[ 8910]	
***************************************************************

[ 8910]	sarp_get (one packet dispatched from pcap)
[ 8910]	CAPTURED: 0x003e bytes

 0000: 0001 0001 0006 00d0 0195 dc00 0000 0806  ................
 0010: 0001 0800 0604 0001 00d0 0195 dc00 80df  ................
 0020: 0603 0000 0000 0000 80df 064d 0000 0000  ...........M....
 0030: 0000 0000 0000 0000 0000 0000 0000       ..............


[ 8910]	OOR: 0x0040 bytes

 0000: 0000 0000 0000 0000 0000 0000 0000 0000  ................
 0010: 0000 0000 0000 0000 0000 0000 0000 0000  ................
 0020: 0000 0000 0000 0000 0000 0000 0000 0000  ................
 0030: 0000 0000 0000 0000 0000 0000 0000 0000  ................


[ 8910]	PCAP real 0x003e virtual [0x002c]
[ 8910]	ARP REQUEST
[ 8910]	 --> sha  00:D0:01:95:DC:00
[ 8910]	 --> spa  128.223.6.3
[ 8910]	 --> tha  00:00:00:00:00:00
[ 8910]	 --> tpa  128.223.6.77
[ 8910]	daveti: arp_request done
[ 8910]	
***************************************************************

[ 8910]	sarp_get (one packet dispatched from pcap)
[ 8910]	CAPTURED: 0x003e bytes

 0000: 0001 0001 0006 00d0 0195 dc00 0000 0806  ................
 0010: 0001 0800 0604 0001 00d0 0195 dc00 80df  ................
 0020: 0603 0000 0000 0000 80df 0670 0000 0000  ...........p....
 0030: 0000 0000 0000 0000 0000 0000 0000       ..............


[ 8910]	OOR: 0x0040 bytes

 0000: 0000 0000 0000 0000 0000 0000 0000 0000  ................
 0010: 0000 0000 0000 0000 0000 0000 0000 0000  ................
 0020: 0000 0000 0000 0000 0000 0000 0000 0000  ................
 0030: 0000 0000 0000 0000 0000 0000 0000 0000  ................


[ 8910]	PCAP real 0x003e virtual [0x002c]
[ 8910]	ARP REQUEST
[ 8910]	 --> sha  00:D0:01:95:DC:00
[ 8910]	 --> spa  128.223.6.3
[ 8910]	 --> tha  00:00:00:00:00:00
[ 8910]	 --> tpa  128.223.6.112
[ 8910]	daveti: arp_request done
[ 8910]	
***************************************************************

[ 8910]	sarp_get (one packet dispatched from pcap)
[ 8910]	CAPTURED: 0x002c bytes

 0000: 0004 0001 0006 b8ca 3a8e 39b3 0000 0806  ........:.9.....
 0010: 0001 0800 0604 0001 b8ca 3a8e 39b3 80df  ..........:.9...
 0020: 0672 0000 0000 0000 80df 0601            .r..........


[ 8910]	OOR: 0x0040 bytes

 0000: 0000 0000 0000 0000 0000 0000 0000 0000  ................
 0010: 0000 0000 0000 0000 0000 0000 0000 0000  ................
 0020: 0000 0000 0000 0000 0000 0000 0000 0000  ................
 0030: 0000 0000 0000 0000 0000 0000 0000 0000  ................


[ 8910]	PCAP real 0x002c virtual [0x002c]
[ 8910]	ARP REQUEST
[ 8910]	 --> sha  B8:CA:3A:8E:39:B3
[ 8910]	 --> spa  128.223.6.114
[ 8910]	 --> tha  00:00:00:00:00:00
[ 8910]	 --> tpa  128.223.6.1
[ 8910]	daveti: arp_request done
[ 8910]	
***************************************************************

[ 8910]	sarp_get (one packet dispatched from pcap)
[ 8910]	CAPTURED: 0x002c bytes

 0000: 0004 0001 0006 b8ca 3a8e 39b3 0000 0806  ........:.9.....
 0010: 0001 0800 0604 0001 b8ca 3a8e 39b3 80df  ..........:.9...
 0020: 0672 0000 0000 0000 80df 0609            .r..........


[ 8910]	OOR: 0x0040 bytes

 0000: 0000 0000 0000 0000 0000 0000 0000 0000  ................
 0010: 0000 0000 0000 0000 0000 0000 0000 0000  ................
 0020: 0000 0000 0000 0000 0000 0000 0000 0000  ................
 0030: 0000 0000 0000 0000 0000 0000 0000 0000  ................


[ 8910]	PCAP real 0x002c virtual [0x002c]
[ 8910]	ARP REQUEST
[ 8910]	 --> sha  B8:CA:3A:8E:39:B3
[ 8910]	 --> spa  128.223.6.114
[ 8910]	 --> tha  00:00:00:00:00:00
[ 8910]	 --> tpa  128.223.6.9
[ 8910]	daveti: arp_request done
[ 8910]	
***************************************************************

[ 8910]	sarp_get (one packet dispatched from pcap)
[ 8910]	CAPTURED: 0x003e bytes

 0000: 0001 0001 0006 0003 bac0 f579 0000 0806  ...........y....
 0010: 0001 0800 0604 0002 0003 bac0 f579 80df  .............y..
 0020: 0609 b8ca 3a8e 39b3 80df 0672 0000 0000  ....:.9....r....
 0030: 0000 0000 0000 0000 0000 0000 0000       ..............


[ 8910]	OOR: 0x0040 bytes

 0000: 0000 0000 0000 0000 0000 0000 0000 0000  ................
 0010: 0000 0000 0000 0000 0000 0000 0000 0000  ................
 0020: 0000 0000 0000 0000 0000 0000 0000 0000  ................
 0030: 0000 0000 0000 0000 0000 0000 0000 0000  ................


[ 8910]	PCAP real 0x003e virtual [0x002c]
[ 8910]	arp_reply
[ 8910]	ARP REPLY
[ 8910]	 --> sha  00:03:BA:C0:F5:79
[ 8910]	 --> spa  128.223.6.9
[ 8910]	 --> tha  B8:CA:3A:8E:39:B3
[ 8910]	 --> tpa  128.223.6.114
[ 8910]	search_known_hosts 00:03:BA:C0:F5:79 0x0906df80
[ 8910]	neigh add 00:03:BA:C0:F5:79 128.223.6.9 eth1
[ 8910]	daveti: arp_reply done
[ 8910]	
***************************************************************

[ 8910]	sarp_get (one packet dispatched from pcap)
[ 8910]	CAPTURED: 0x003e bytes

 0000: 0000 0001 0006 0000 5e00 0101 0000 0806  ........^.......
 0010: 0001 0800 0604 0002 0000 5e00 0101 80df  ..........^.....
 0020: 0601 b8ca 3a8e 39b3 80df 0672 0000 0000  ....:.9....r....
 0030: 0000 0000 0000 0000 0000 0000 0000       ..............


[ 8910]	OOR: 0x0040 bytes

 0000: 0000 0000 0000 0000 0000 0000 0000 0000  ................
 0010: 0000 0000 0000 0000 0000 0000 0000 0000  ................
 0020: 0000 0000 0000 0000 0000 0000 0000 0000  ................
 0030: 0000 0000 0000 0000 0000 0000 0000 0000  ................


[ 8910]	PCAP real 0x003e virtual [0x002c]
[ 8910]	arp_reply
[ 8910]	ARP REPLY
[ 8910]	 --> sha  00:00:5E:00:01:01
[ 8910]	 --> spa  128.223.6.1
[ 8910]	 --> tha  B8:CA:3A:8E:39:B3
[ 8910]	 --> tpa  128.223.6.114
[ 8910]	search_known_hosts 00:00:5E:00:01:01 0x0106df80
[ 8910]	neigh add 00:00:5E:00:01:01 128.223.6.1 eth1
[ 8910]	daveti: arp_reply done
[ 8910]	
***************************************************************

[ 8910]	sarp_get (one packet dispatched from pcap)
[ 8910]	CAPTURED: 0x003e bytes

 0000: 0001 0001 0006 70cd 60f2 f0b2 0000 0806  ......p.`.......
 0010: 0001 0800 0604 0001 70cd 60f2 f0b2 80df  ........p.`.....
 0020: 06c1 0000 0000 0000 80df 0609 0000 0000  ................
 0030: 0000 0000 0000 0000 0000 0000 0000       ..............


[ 8910]	OOR: 0x0040 bytes

 0000: 0000 0000 0000 0000 0000 0000 0000 0000  ................
 0010: 0000 0000 0000 0000 0000 0000 0000 0000  ................
 0020: 0000 0000 0000 0000 0000 0000 0000 0000  ................
 0030: 0000 0000 0000 0000 0000 0000 0000 0000  ................


[ 8910]	PCAP real 0x003e virtual [0x002c]
[ 8910]	ARP REQUEST
[ 8910]	 --> sha  70:CD:60:F2:F0:B2
[ 8910]	 --> spa  128.223.6.193
[ 8910]	 --> tha  00:00:00:00:00:00
[ 8910]	 --> tpa  128.223.6.9
[ 8910]	daveti: arp_request done
[ 8910]	
***************************************************************

[ 8910]	sarp_get (one packet dispatched from pcap)
[ 8910]	CAPTURED: 0x003e bytes

 0000: 0001 0001 0006 00d0 0195 dc00 0000 0806  ................
 0010: 0001 0800 0604 0001 00d0 0195 dc00 80df  ................
 0020: 0603 0000 0000 0000 80df 0634 0000 0000  ...........4....
 0030: 0000 0000 0000 0000 0000 0000 0000       ..............


[ 8910]	OOR: 0x0040 bytes

 0000: 0000 0000 0000 0000 0000 0000 0000 0000  ................
 0010: 0000 0000 0000 0000 0000 0000 0000 0000  ................
 0020: 0000 0000 0000 0000 0000 0000 0000 0000  ................
 0030: 0000 0000 0000 0000 0000 0000 0000 0000  ................


[ 8910]	PCAP real 0x003e virtual [0x002c]
[ 8910]	ARP REQUEST
[ 8910]	 --> sha  00:D0:01:95:DC:00
[ 8910]	 --> spa  128.223.6.3
[ 8910]	 --> tha  00:00:00:00:00:00
[ 8910]	 --> tpa  128.223.6.52
[ 8910]	daveti: arp_request done
[ 8910]	
***************************************************************

[ 8910]	sarp_get (one packet dispatched from pcap)
[ 8910]	CAPTURED: 0x003e bytes

 0000: 0001 0001 0006 00d0 0195 dc00 0000 0806  ................
 0010: 0001 0800 0604 0001 00d0 0195 dc00 80df  ................
 0020: 0603 0000 0000 0000 80df 0670 0000 0000  ...........p....
 0030: 0000 0000 0000 0000 0000 0000 0000       ..............


[ 8910]	OOR: 0x0040 bytes

 0000: 0000 0000 0000 0000 0000 0000 0000 0000  ................
 0010: 0000 0000 0000 0000 0000 0000 0000 0000  ................
 0020: 0000 0000 0000 0000 0000 0000 0000 0000  ................
 0030: 0000 0000 0000 0000 0000 0000 0000 0000  ................


[ 8910]	PCAP real 0x003e virtual [0x002c]
[ 8910]	ARP REQUEST
[ 8910]	 --> sha  00:D0:01:95:DC:00
[ 8910]	 --> spa  128.223.6.3
[ 8910]	 --> tha  00:00:00:00:00:00
[ 8910]	 --> tpa  128.223.6.112
[ 8910]	daveti: arp_request done
[ 8910]	
***************************************************************

[ 8910]	sarp_get (one packet dispatched from pcap)
[ 8910]	CAPTURED: 0x003e bytes

 0000: 0001 0001 0006 70cd 60f2 f0b2 0000 0806  ......p.`.......
 0010: 0001 0800 0604 0001 70cd 60f2 f0b2 80df  ........p.`.....
 0020: 06c1 0000 0000 0000 80df 0601 0000 0000  ................
 0030: 0000 0000 0000 0000 0000 0000 0000       ..............


[ 8910]	OOR: 0x0040 bytes

 0000: 0000 0000 0000 0000 0000 0000 0000 0000  ................
 0010: 0000 0000 0000 0000 0000 0000 0000 0000  ................
 0020: 0000 0000 0000 0000 0000 0000 0000 0000  ................
 0030: 0000 0000 0000 0000 0000 0000 0000 0000  ................


[ 8910]	PCAP real 0x003e virtual [0x002c]
[ 8910]	ARP REQUEST
[ 8910]	 --> sha  70:CD:60:F2:F0:B2
[ 8910]	 --> spa  128.223.6.193
[ 8910]	 --> tha  00:00:00:00:00:00
[ 8910]	 --> tpa  128.223.6.1
[ 8910]	daveti: arp_request done
[ 8910]	
***************************************************************

[ 8910]	sarp_get (one packet dispatched from pcap)
[ 8910]	CAPTURED: 0x003e bytes

 0000: 0001 0001 0006 00d0 0195 dc00 0000 0806  ................
 0010: 0001 0800 0604 0001 00d0 0195 dc00 80df  ................
 0020: 0603 0000 0000 0000 80df 0670 0000 0000  ...........p....
 0030: 0000 0000 0000 0000 0000 0000 0000       ..............


[ 8910]	OOR: 0x0040 bytes

 0000: 0000 0000 0000 0000 0000 0000 0000 0000  ................
 0010: 0000 0000 0000 0000 0000 0000 0000 0000  ................
 0020: 0000 0000 0000 0000 0000 0000 0000 0000  ................
 0030: 0000 0000 0000 0000 0000 0000 0000 0000  ................


[ 8910]	PCAP real 0x003e virtual [0x002c]
[ 8910]	ARP REQUEST
[ 8910]	 --> sha  00:D0:01:95:DC:00
[ 8910]	 --> spa  128.223.6.3
[ 8910]	 --> tha  00:00:00:00:00:00
[ 8910]	 --> tpa  128.223.6.112
[ 8910]	daveti: arp_request done
[ 8910]	
***************************************************************

[ 8910]	sarp_get (one packet dispatched from pcap)
[ 8910]	CAPTURED: 0x003e bytes

 0000: 0001 0001 0006 70cd 60a9 f6b2 0000 0806  ......p.`.......
 0010: 0001 0800 0604 0001 70cd 60a9 f6b2 80df  ........p.`.....
 0020: 06f1 0000 0000 0000 80df 0601 0000 0000  ................
 0030: 0000 0000 0000 0000 0000 0000 0000       ..............


[ 8910]	OOR: 0x0040 bytes

 0000: 0000 0000 0000 0000 0000 0000 0000 0000  ................
 0010: 0000 0000 0000 0000 0000 0000 0000 0000  ................
 0020: 0000 0000 0000 0000 0000 0000 0000 0000  ................
 0030: 0000 0000 0000 0000 0000 0000 0000 0000  ................


[ 8910]	PCAP real 0x003e virtual [0x002c]
[ 8910]	ARP REQUEST
[ 8910]	 --> sha  70:CD:60:A9:F6:B2
[ 8910]	 --> spa  128.223.6.241
[ 8910]	 --> tha  00:00:00:00:00:00
[ 8910]	 --> tpa  128.223.6.1
[ 8910]	daveti: arp_request done
[ 8910]	
***************************************************************

[ 8910]	sarp_get (one packet dispatched from pcap)
[ 8910]	CAPTURED: 0x003e bytes

 0000: 0001 0001 0006 c8bc c89e 67df 0000 0806  ..........g.....
 0010: 0001 0800 0604 0001 c8bc c89e 67df 80df  ............g...
 0020: 06a5 0000 0000 0000 80df 0601 0000 0000  ................
 0030: 0000 0000 0000 0000 0000 0000 0000       ..............


[ 8910]	OOR: 0x0040 bytes

 0000: 0000 0000 0000 0000 0000 0000 0000 0000  ................
 0010: 0000 0000 0000 0000 0000 0000 0000 0000  ................
 0020: 0000 0000 0000 0000 0000 0000 0000 0000  ................
 0030: 0000 0000 0000 0000 0000 0000 0000 0000  ................


[ 8910]	PCAP real 0x003e virtual [0x002c]
[ 8910]	ARP REQUEST
[ 8910]	 --> sha  C8:BC:C8:9E:67:DF
[ 8910]	 --> spa  128.223.6.165
[ 8910]	 --> tha  00:00:00:00:00:00
[ 8910]	 --> tpa  128.223.6.1
[ 8910]	daveti: arp_request done
[ 8910]	
***************************************************************

[ 8910]	sarp_get (one packet dispatched from pcap)
[ 8910]	CAPTURED: 0x003e bytes

 0000: 0001 0001 0006 685b 358b add6 0000 0806  ......h[5.......
 0010: 0001 0800 0604 0001 685b 358b add6 80df  ........h[5.....
 0020: 06dc 0000 0000 0000 80df 0609 0000 0000  ................
 0030: 0000 0000 0000 0000 0000 0000 0000       ..............


[ 8910]	OOR: 0x0040 bytes

 0000: 0000 0000 0000 0000 0000 0000 0000 0000  ................
 0010: 0000 0000 0000 0000 0000 0000 0000 0000  ................
 0020: 0000 0000 0000 0000 0000 0000 0000 0000  ................
 0030: 0000 0000 0000 0000 0000 0000 0000 0000  ................


[ 8910]	PCAP real 0x003e virtual [0x002c]
[ 8910]	ARP REQUEST
[ 8910]	 --> sha  68:5B:35:8B:AD:D6
[ 8910]	 --> spa  128.223.6.220
[ 8910]	 --> tha  00:00:00:00:00:00
[ 8910]	 --> tpa  128.223.6.9
[ 8910]	daveti: arp_request done
[ 8910]	
***************************************************************

[ 8910]	sarp_get (one packet dispatched from pcap)
[ 8910]	CAPTURED: 0x003e bytes

 0000: 0001 0001 0006 00d0 0195 dc00 0000 0806  ................
 0010: 0001 0800 0604 0001 00d0 0195 dc00 80df  ................
 0020: 0603 0000 0000 0000 80df 0670 0000 0000  ...........p....
 0030: 0000 0000 0000 0000 0000 0000 0000       ..............


[ 8910]	OOR: 0x0040 bytes

 0000: 0000 0000 0000 0000 0000 0000 0000 0000  ................
 0010: 0000 0000 0000 0000 0000 0000 0000 0000  ................
 0020: 0000 0000 0000 0000 0000 0000 0000 0000  ................
 0030: 0000 0000 0000 0000 0000 0000 0000 0000  ................


[ 8910]	PCAP real 0x003e virtual [0x002c]
[ 8910]	ARP REQUEST
[ 8910]	 --> sha  00:D0:01:95:DC:00
[ 8910]	 --> spa  128.223.6.3
[ 8910]	 --> tha  00:00:00:00:00:00
[ 8910]	 --> tpa  128.223.6.112
[ 8910]	daveti: arp_request done
[ 8910]	
***************************************************************

[ 8910]	sarp_get (one packet dispatched from pcap)
[ 8910]	CAPTURED: 0x003e bytes

 0000: 0001 0001 0006 00d0 0195 e000 0000 0806  ................
 0010: 0001 0800 0604 0001 00d0 0195 e000 80df  ................
 0020: 0602 0000 0000 0000 80df 0670 0000 0000  ...........p....
 0030: 0000 0000 0000 0000 0000 0000 0000       ..............


[ 8910]	OOR: 0x0040 bytes

 0000: 0000 0000 0000 0000 0000 0000 0000 0000  ................
 0010: 0000 0000 0000 0000 0000 0000 0000 0000  ................
 0020: 0000 0000 0000 0000 0000 0000 0000 0000  ................
 0030: 0000 0000 0000 0000 0000 0000 0000 0000  ................


[ 8910]	PCAP real 0x003e virtual [0x002c]
[ 8910]	ARP REQUEST
[ 8910]	 --> sha  00:D0:01:95:E0:00
[ 8910]	 --> spa  128.223.6.2
[ 8910]	 --> tha  00:00:00:00:00:00
[ 8910]	 --> tpa  128.223.6.112
[ 8910]	daveti: arp_request done
[ 8910]	
***************************************************************

[ 8910]	sarp_get (one packet dispatched from pcap)
[ 8910]	CAPTURED: 0x003e bytes

 0000: 0001 0001 0006 00d0 0195 dc00 0000 0806  ................
 0010: 0001 0800 0604 0001 00d0 0195 dc00 80df  ................
 0020: 0603 0000 0000 0000 80df 06ed 0000 0000  ................
 0030: 0000 0000 0000 0000 0000 0000 0000       ..............


[ 8910]	OOR: 0x0040 bytes

 0000: 0000 0000 0000 0000 0000 0000 0000 0000  ................
 0010: 0000 0000 0000 0000 0000 0000 0000 0000  ................
 0020: 0000 0000 0000 0000 0000 0000 0000 0000  ................
 0030: 0000 0000 0000 0000 0000 0000 0000 0000  ................


[ 8910]	PCAP real 0x003e virtual [0x002c]
[ 8910]	ARP REQUEST
[ 8910]	 --> sha  00:D0:01:95:DC:00
[ 8910]	 --> spa  128.223.6.3
[ 8910]	 --> tha  00:00:00:00:00:00
[ 8910]	 --> tpa  128.223.6.237
[ 8910]	daveti: arp_request done
[ 8910]	
***************************************************************

[ 8910]	sarp_get (one packet dispatched from pcap)
[ 8910]	CAPTURED: 0x003e bytes

 0000: 0001 0001 0006 00d0 0195 dc00 0000 0806  ................
 0010: 0001 0800 0604 0001 00d0 0195 dc00 80df  ................
 0020: 0603 0000 0000 0000 80df 0670 0000 0000  ...........p....
 0030: 0000 0000 0000 0000 0000 0000 0000       ..............


[ 8910]	OOR: 0x0040 bytes

 0000: 0000 0000 0000 0000 0000 0000 0000 0000  ................
 0010: 0000 0000 0000 0000 0000 0000 0000 0000  ................
 0020: 0000 0000 0000 0000 0000 0000 0000 0000  ................
 0030: 0000 0000 0000 0000 0000 0000 0000 0000  ................


[ 8910]	PCAP real 0x003e virtual [0x002c]
[ 8910]	ARP REQUEST
[ 8910]	 --> sha  00:D0:01:95:DC:00
[ 8910]	 --> spa  128.223.6.3
[ 8910]	 --> tha  00:00:00:00:00:00
[ 8910]	 --> tpa  128.223.6.112
[ 8910]	daveti: arp_request done
[ 8910]	
***************************************************************

[ 8910]	sarp_get (one packet dispatched from pcap)
[ 8910]	CAPTURED: 0x003e bytes

 0000: 0001 0001 0006 685b 358b add6 0000 0806  ......h[5.......
 0010: 0001 0800 0604 0001 685b 358b add6 80df  ........h[5.....
 0020: 06dc 0000 0000 0000 80df 0601 0000 0000  ................
 0030: 0000 0000 0000 0000 0000 0000 0000       ..............


[ 8910]	OOR: 0x0040 bytes

 0000: 0000 0000 0000 0000 0000 0000 0000 0000  ................
 0010: 0000 0000 0000 0000 0000 0000 0000 0000  ................
 0020: 0000 0000 0000 0000 0000 0000 0000 0000  ................
 0030: 0000 0000 0000 0000 0000 0000 0000 0000  ................


[ 8910]	PCAP real 0x003e virtual [0x002c]
[ 8910]	ARP REQUEST
[ 8910]	 --> sha  68:5B:35:8B:AD:D6
[ 8910]	 --> spa  128.223.6.220
[ 8910]	 --> tha  00:00:00:00:00:00
[ 8910]	 --> tpa  128.223.6.1
[ 8910]	daveti: arp_request done
[ 8910]	
***************************************************************

[ 8910]	sarp_get (one packet dispatched from pcap)
[ 8910]	CAPTURED: 0x003e bytes

 0000: 0001 0001 0006 00d0 0195 dc00 0000 0806  ................
 0010: 0001 0800 0604 0001 00d0 0195 dc00 80df  ................
 0020: 0603 0000 0000 0000 80df 06f9 0000 0000  ................
 0030: 0000 0000 0000 0000 0000 0000 0000       ..............


[ 8910]	OOR: 0x0040 bytes

 0000: 0000 0000 0000 0000 0000 0000 0000 0000  ................
 0010: 0000 0000 0000 0000 0000 0000 0000 0000  ................
 0020: 0000 0000 0000 0000 0000 0000 0000 0000  ................
 0030: 0000 0000 0000 0000 0000 0000 0000 0000  ................


[ 8910]	PCAP real 0x003e virtual [0x002c]
[ 8910]	ARP REQUEST
[ 8910]	 --> sha  00:D0:01:95:DC:00
[ 8910]	 --> spa  128.223.6.3
[ 8910]	 --> tha  00:00:00:00:00:00
[ 8910]	 --> tpa  128.223.6.249
[ 8910]	daveti: arp_request done
[ 8910]	
***************************************************************

[ 8910]	sarp_get (one packet dispatched from pcap)
[ 8910]	CAPTURED: 0x003e bytes

 0000: 0001 0001 0006 00d0 0195 e000 0000 0806  ................
 0010: 0001 0800 0604 0001 00d0 0195 e000 80df  ................
 0020: 0602 0000 0000 0000 80df 0670 0000 0000  ...........p....
 0030: 0000 0000 0000 0000 0000 0000 0000       ..............


[ 8910]	OOR: 0x0040 bytes

 0000: 0000 0000 0000 0000 0000 0000 0000 0000  ................
 0010: 0000 0000 0000 0000 0000 0000 0000 0000  ................
 0020: 0000 0000 0000 0000 0000 0000 0000 0000  ................
 0030: 0000 0000 0000 0000 0000 0000 0000 0000  ................


[ 8910]	PCAP real 0x003e virtual [0x002c]
[ 8910]	ARP REQUEST
[ 8910]	 --> sha  00:D0:01:95:E0:00
[ 8910]	 --> spa  128.223.6.2
[ 8910]	 --> tha  00:00:00:00:00:00
[ 8910]	 --> tpa  128.223.6.112
[ 8910]	daveti: arp_request done
[ 8910]	
***************************************************************

[ 8910]	sarp_get (one packet dispatched from pcap)
[ 8910]	CAPTURED: 0x003e bytes

 0000: 0001 0001 0006 00d0 0195 dc00 0000 0806  ................
 0010: 0001 0800 0604 0001 00d0 0195 dc00 80df  ................
 0020: 0603 0000 0000 0000 80df 0670 0000 0000  ...........p....
 0030: 0000 0000 0000 0000 0000 0000 0000       ..............


[ 8910]	OOR: 0x0040 bytes

 0000: 0000 0000 0000 0000 0000 0000 0000 0000  ................
 0010: 0000 0000 0000 0000 0000 0000 0000 0000  ................
 0020: 0000 0000 0000 0000 0000 0000 0000 0000  ................
 0030: 0000 0000 0000 0000 0000 0000 0000 0000  ................


[ 8910]	PCAP real 0x003e virtual [0x002c]
[ 8910]	ARP REQUEST
[ 8910]	 --> sha  00:D0:01:95:DC:00
[ 8910]	 --> spa  128.223.6.3
[ 8910]	 --> tha  00:00:00:00:00:00
[ 8910]	 --> tpa  128.223.6.112
[ 8910]	daveti: arp_request done
[ 8910]	
***************************************************************

[ 8910]	sarp_get (one packet dispatched from pcap)
[ 8910]	CAPTURED: 0x003e bytes

 0000: 0001 0001 0006 00d0 0195 e000 0000 0806  ................
 0010: 0001 0800 0604 0001 00d0 0195 e000 80df  ................
 0020: 0602 0000 0000 0000 80df 0670 0000 0000  ...........p....
 0030: 0000 0000 0000 0000 0000 0000 0000       ..............


[ 8910]	OOR: 0x0040 bytes

 0000: 0000 0000 0000 0000 0000 0000 0000 0000  ................
 0010: 0000 0000 0000 0000 0000 0000 0000 0000  ................
 0020: 0000 0000 0000 0000 0000 0000 0000 0000  ................
 0030: 0000 0000 0000 0000 0000 0000 0000 0000  ................


[ 8910]	PCAP real 0x003e virtual [0x002c]
[ 8910]	ARP REQUEST
[ 8910]	 --> sha  00:D0:01:95:E0:00
[ 8910]	 --> spa  128.223.6.2
[ 8910]	 --> tha  00:00:00:00:00:00
[ 8910]	 --> tpa  128.223.6.112
[ 8910]	daveti: arp_request done
[ 8910]	
***************************************************************

[ 8910]	sarp_get (one packet dispatched from pcap)
[ 8910]	CAPTURED: 0x003e bytes

 0000: 0001 0001 0006 00d0 0195 e000 0000 0806  ................
 0010: 0001 0800 0604 0001 00d0 0195 e000 80df  ................
 0020: 0602 0000 0000 0000 80df 0658 0000 0000  ...........X....
 0030: 0000 0000 0000 0000 0000 0000 0000       ..............


[ 8910]	OOR: 0x0040 bytes

 0000: 0000 0000 0000 0000 0000 0000 0000 0000  ................
 0010: 0000 0000 0000 0000 0000 0000 0000 0000  ................
 0020: 0000 0000 0000 0000 0000 0000 0000 0000  ................
 0030: 0000 0000 0000 0000 0000 0000 0000 0000  ................


[ 8910]	PCAP real 0x003e virtual [0x002c]
[ 8910]	ARP REQUEST
[ 8910]	 --> sha  00:D0:01:95:E0:00
[ 8910]	 --> spa  128.223.6.2
[ 8910]	 --> tha  00:00:00:00:00:00
[ 8910]	 --> tpa  128.223.6.88
[ 8910]	daveti: arp_request done
[ 8910]	
***************************************************************

[ 8910]	sarp_get (one packet dispatched from pcap)
[ 8910]	CAPTURED: 0x003e bytes

 0000: 0001 0001 0006 0020 4ad3 bd9a 0000 0806  ....... J.......
 0010: 0001 0800 0604 0001 0020 4ad3 bd9a 80df  ......... J.....
 0020: 062b 0000 0000 0000 80df 062b 0000 0000  .+.........+....
 0030: 0000 0000 0000 0000 0000 0000 0000       ..............


[ 8910]	OOR: 0x0040 bytes

 0000: 0000 0000 0000 0000 0000 0000 0000 0000  ................
 0010: 0000 0000 0000 0000 0000 0000 0000 0000  ................
 0020: 0000 0000 0000 0000 0000 0000 0000 0000  ................
 0030: 0000 0000 0000 0000 0000 0000 0000 0000  ................


[ 8910]	PCAP real 0x003e virtual [0x002c]
[ 8910]	ARP REQUEST
[ 8910]	 --> sha  00:20:4A:D3:BD:9A
[ 8910]	 --> spa  128.223.6.43
[ 8910]	 --> tha  00:00:00:00:00:00
[ 8910]	 --> tpa  128.223.6.43
[ 8910]	daveti: arp_request done
[ 8910]	
***************************************************************

[ 8910]	sarp_get (one packet dispatched from pcap)
[ 8910]	CAPTURED: 0x003e bytes

 0000: 0001 0001 0006 00d0 0195 e000 0000 0806  ................
 0010: 0001 0800 0604 0001 00d0 0195 e000 80df  ................
 0020: 0602 0000 0000 0000 80df 06d8 0000 0000  ................
 0030: 0000 0000 0000 0000 0000 0000 0000       ..............


[ 8910]	OOR: 0x0040 bytes

 0000: 0000 0000 0000 0000 0000 0000 0000 0000  ................
 0010: 0000 0000 0000 0000 0000 0000 0000 0000  ................
 0020: 0000 0000 0000 0000 0000 0000 0000 0000  ................
 0030: 0000 0000 0000 0000 0000 0000 0000 0000  ................


[ 8910]	PCAP real 0x003e virtual [0x002c]
[ 8910]	ARP REQUEST
[ 8910]	 --> sha  00:D0:01:95:E0:00
[ 8910]	 --> spa  128.223.6.2
[ 8910]	 --> tha  00:00:00:00:00:00
[ 8910]	 --> tpa  128.223.6.216
[ 8910]	daveti: arp_request done
[ 8910]	
***************************************************************

[ 8910]	sarp_get (one packet dispatched from pcap)
[ 8910]	CAPTURED: 0x003e bytes

 0000: 0001 0001 0006 00d0 0195 dc00 0000 0806  ................
 0010: 0001 0800 0604 0001 00d0 0195 dc00 80df  ................
 0020: 0603 0000 0000 0000 80df 0670 0000 0000  ...........p....
 0030: 0000 0000 0000 0000 0000 0000 0000       ..............


[ 8910]	OOR: 0x0040 bytes

 0000: 0000 0000 0000 0000 0000 0000 0000 0000  ................
 0010: 0000 0000 0000 0000 0000 0000 0000 0000  ................
 0020: 0000 0000 0000 0000 0000 0000 0000 0000  ................
 0030: 0000 0000 0000 0000 0000 0000 0000 0000  ................


[ 8910]	PCAP real 0x003e virtual [0x002c]
[ 8910]	ARP REQUEST
[ 8910]	 --> sha  00:D0:01:95:DC:00
[ 8910]	 --> spa  128.223.6.3
[ 8910]	 --> tha  00:00:00:00:00:00
[ 8910]	 --> tpa  128.223.6.112
[ 8910]	daveti: arp_request done
[ 8910]	
***************************************************************

[ 8910]	sarp_get (one packet dispatched from pcap)
[ 8910]	CAPTURED: 0x002c bytes

 0000: 0004 0001 0006 b8ca 3a8e 39b3 0000 0806  ........:.9.....
 0010: 0001 0800 0604 0001 b8ca 3a8e 39b3 80df  ..........:.9...
 0020: 0672 0000 0000 0000 80df 066f            .r.........o


[ 8910]	OOR: 0x0040 bytes

 0000: 0000 0000 0000 0000 0000 0000 0000 0000  ................
 0010: 0000 0000 0000 0000 0000 0000 0000 0000  ................
 0020: 0000 0000 0000 0000 0000 0000 0000 0000  ................
 0030: 0000 0000 0000 0000 0000 0000 0000 0000  ................


[ 8910]	PCAP real 0x002c virtual [0x002c]
[ 8910]	ARP REQUEST
[ 8910]	 --> sha  B8:CA:3A:8E:39:B3
[ 8910]	 --> spa  128.223.6.114
[ 8910]	 --> tha  00:00:00:00:00:00
[ 8910]	 --> tpa  128.223.6.111
[ 8910]	daveti: arp_request done
[ 8910]	
***************************************************************

[ 8910]	sarp_get (one packet dispatched from pcap)
[ 8910]	CAPTURED: 0x003e bytes

 0000: 0000 0001 0006 b8ca 3a8e 3949 0000 0806  ........:.9I....
 0010: 0001 0800 0604 0002 b8ca 3a8e 3949 80df  ..........:.9I..
 0020: 066f b8ca 3a8e 39b3 80df 0672 0000 0000  .o..:.9....r....
 0030: 0000 0000 0000 0000 0000 0000 0000       ..............


[ 8910]	OOR: 0x0040 bytes

 0000: 0000 0000 0000 0000 0000 0000 0000 0000  ................
 0010: 0000 0000 0000 0000 0000 0000 0000 0000  ................
 0020: 0000 0000 0000 0000 0000 0000 0000 0000  ................
 0030: 0000 0000 0000 0000 0000 0000 0000 0000  ................


[ 8910]	PCAP real 0x003e virtual [0x002c]
[ 8910]	arp_reply
[ 8910]	ARP REPLY
[ 8910]	 --> sha  B8:CA:3A:8E:39:49
[ 8910]	 --> spa  128.223.6.111
[ 8910]	 --> tha  B8:CA:3A:8E:39:B3
[ 8910]	 --> tpa  128.223.6.114
[ 8910]	search_known_hosts B8:CA:3A:8E:39:49 0x6f06df80
[ 8910]	neigh add B8:CA:3A:8E:39:49 128.223.6.111 eth1
[ 8910]	daveti: arp_reply done
[ 8910]	
***************************************************************

[ 8910]	sarp_get (one packet dispatched from pcap)
[ 8910]	CAPTURED: 0x003e bytes

 0000: 0001 0001 0006 00d0 0195 e000 0000 0806  ................
 0010: 0001 0800 0604 0001 00d0 0195 e000 80df  ................
 0020: 0602 0000 0000 0000 80df 0670 0000 0000  ...........p....
 0030: 0000 0000 0000 0000 0000 0000 0000       ..............


[ 8910]	OOR: 0x0040 bytes

 0000: 0000 0000 0000 0000 0000 0000 0000 0000  ................
 0010: 0000 0000 0000 0000 0000 0000 0000 0000  ................
 0020: 0000 0000 0000 0000 0000 0000 0000 0000  ................
 0030: 0000 0000 0000 0000 0000 0000 0000 0000  ................


[ 8910]	PCAP real 0x003e virtual [0x002c]
[ 8910]	ARP REQUEST
[ 8910]	 --> sha  00:D0:01:95:E0:00
[ 8910]	 --> spa  128.223.6.2
[ 8910]	 --> tha  00:00:00:00:00:00
[ 8910]	 --> tpa  128.223.6.112
[ 8910]	daveti: arp_request done
[ 8910]	
***************************************************************

[ 8910]	sarp_get (one packet dispatched from pcap)
[ 8910]	CAPTURED: 0x003e bytes

 0000: 0001 0001 0006 00d0 0195 e000 0000 0806  ................
 0010: 0001 0800 0604 0001 00d0 0195 e000 80df  ................
 0020: 0602 0000 0000 0000 80df 061e 0000 0000  ................
 0030: 0000 0000 0000 0000 0000 0000 0000       ..............


[ 8910]	OOR: 0x0040 bytes

 0000: 0000 0000 0000 0000 0000 0000 0000 0000  ................
 0010: 0000 0000 0000 0000 0000 0000 0000 0000  ................
 0020: 0000 0000 0000 0000 0000 0000 0000 0000  ................
 0030: 0000 0000 0000 0000 0000 0000 0000 0000  ................


[ 8910]	PCAP real 0x003e virtual [0x002c]
[ 8910]	ARP REQUEST
[ 8910]	 --> sha  00:D0:01:95:E0:00
[ 8910]	 --> spa  128.223.6.2
[ 8910]	 --> tha  00:00:00:00:00:00
[ 8910]	 --> tpa  128.223.6.30
[ 8910]	daveti: arp_request done
[ 8910]	
***************************************************************

[ 8910]	sarp_get (one packet dispatched from pcap)
[ 8910]	CAPTURED: 0x003e bytes

 0000: 0001 0001 0006 00d0 0195 dc00 0000 0806  ................
 0010: 0001 0800 0604 0001 00d0 0195 dc00 80df  ................
 0020: 0603 0000 0000 0000 80df 0670 0000 0000  ...........p....
 0030: 0000 0000 0000 0000 0000 0000 0000       ..............


[ 8910]	OOR: 0x0040 bytes

 0000: 0000 0000 0000 0000 0000 0000 0000 0000  ................
 0010: 0000 0000 0000 0000 0000 0000 0000 0000  ................
 0020: 0000 0000 0000 0000 0000 0000 0000 0000  ................
 0030: 0000 0000 0000 0000 0000 0000 0000 0000  ................


[ 8910]	PCAP real 0x003e virtual [0x002c]
[ 8910]	ARP REQUEST
[ 8910]	 --> sha  00:D0:01:95:DC:00
[ 8910]	 --> spa  128.223.6.3
[ 8910]	 --> tha  00:00:00:00:00:00
[ 8910]	 --> tpa  128.223.6.112
[ 8910]	daveti: arp_request done
[ 8910]	
***************************************************************

[ 8910]	sarp_get (one packet dispatched from pcap)
[ 8910]	CAPTURED: 0x003e bytes

 0000: 0001 0001 0006 00d0 0195 dc00 0000 0806  ................
 0010: 0001 0800 0604 0001 00d0 0195 dc00 80df  ................
 0020: 0603 0000 0000 0000 80df 0656 0000 0000  ...........V....
 0030: 0000 0000 0000 0000 0000 0000 0000       ..............


[ 8910]	OOR: 0x0040 bytes

 0000: 0000 0000 0000 0000 0000 0000 0000 0000  ................
 0010: 0000 0000 0000 0000 0000 0000 0000 0000  ................
 0020: 0000 0000 0000 0000 0000 0000 0000 0000  ................
 0030: 0000 0000 0000 0000 0000 0000 0000 0000  ................


[ 8910]	PCAP real 0x003e virtual [0x002c]
[ 8910]	ARP REQUEST
[ 8910]	 --> sha  00:D0:01:95:DC:00
[ 8910]	 --> spa  128.223.6.3
[ 8910]	 --> tha  00:00:00:00:00:00
[ 8910]	 --> tpa  128.223.6.86
[ 8910]	daveti: arp_request done
[ 8910]	
***************************************************************

[ 8910]	sarp_get (one packet dispatched from pcap)
[ 8910]	CAPTURED: 0x003e bytes

 0000: 0001 0001 0006 00d0 0195 e000 0000 0806  ................
 0010: 0001 0800 0604 0001 00d0 0195 e000 80df  ................
 0020: 0602 0000 0000 0000 80df 0670 0000 0000  ...........p....
 0030: 0000 0000 0000 0000 0000 0000 0000       ..............


[ 8910]	OOR: 0x0040 bytes

 0000: 0000 0000 0000 0000 0000 0000 0000 0000  ................
 0010: 0000 0000 0000 0000 0000 0000 0000 0000  ................
 0020: 0000 0000 0000 0000 0000 0000 0000 0000  ................
 0030: 0000 0000 0000 0000 0000 0000 0000 0000  ................


[ 8910]	PCAP real 0x003e virtual [0x002c]
[ 8910]	ARP REQUEST
[ 8910]	 --> sha  00:D0:01:95:E0:00
[ 8910]	 --> spa  128.223.6.2
[ 8910]	 --> tha  00:00:00:00:00:00
[ 8910]	 --> tpa  128.223.6.112
[ 8910]	daveti: arp_request done
[ 8910]	
***************************************************************

[ 8910]	sarp_get (one packet dispatched from pcap)
[ 8910]	CAPTURED: 0x003e bytes

 0000: 0001 0001 0006 00d0 0195 dc00 0000 0806  ................
 0010: 0001 0800 0604 0001 00d0 0195 dc00 80df  ................
 0020: 0603 0000 0000 0000 80df 0670 0000 0000  ...........p....
 0030: 0000 0000 0000 0000 0000 0000 0000       ..............


[ 8910]	OOR: 0x0040 bytes

 0000: 0000 0000 0000 0000 0000 0000 0000 0000  ................
 0010: 0000 0000 0000 0000 0000 0000 0000 0000  ................
 0020: 0000 0000 0000 0000 0000 0000 0000 0000  ................
 0030: 0000 0000 0000 0000 0000 0000 0000 0000  ................


[ 8910]	PCAP real 0x003e virtual [0x002c]
[ 8910]	ARP REQUEST
[ 8910]	 --> sha  00:D0:01:95:DC:00
[ 8910]	 --> spa  128.223.6.3
[ 8910]	 --> tha  00:00:00:00:00:00
[ 8910]	 --> tpa  128.223.6.112
[ 8910]	daveti: arp_request done
[ 8910]	
***************************************************************

[ 8910]	sarp_get (one packet dispatched from pcap)
[ 8910]	CAPTURED: 0x003e bytes

 0000: 0000 0001 0006 b8ca 3a8e 3949 0000 0806  ........:.9I....
 0010: 0001 0800 0604 0001 b8ca 3a8e 3949 80df  ..........:.9I..
 0020: 066f 0000 0000 0000 80df 0672 0000 0000  .o.........r....
 0030: 0000 0000 0000 0000 0000 0000 0000       ..............


[ 8910]	OOR: 0x0040 bytes

 0000: 0000 0000 0000 0000 0000 0000 0000 0000  ................
 0010: 0000 0000 0000 0000 0000 0000 0000 0000  ................
 0020: 0000 0000 0000 0000 0000 0000 0000 0000  ................
 0030: 0000 0000 0000 0000 0000 0000 0000 0000  ................


[ 8910]	PCAP real 0x003e virtual [0x002c]
[ 8910]	ARP REQUEST
[ 8910]	 --> sha  B8:CA:3A:8E:39:49
[ 8910]	 --> spa  128.223.6.111
[ 8910]	 --> tha  00:00:00:00:00:00
[ 8910]	 --> tpa  128.223.6.114
[ 8910]	REQUEST FOR US -- 0x7206df80 on eth1!!
[ 8910]	REPLYING -- 128.223.6.114 B8:CA:3A:8E:39:B3 on eth1 
[ 8910]	sarp_get_timestamp: eth1 1383435305
[ 8910]	crypto_sign
[ 8910]	SHA-1 time: 0 sec 4 usec
[ 8910]	DSA_sign time: 0 sec 30 usec
[ 8910]	sarp_sign: datalen 0 siglen 46
[ 8910]	SIGNATURE:

 0000: 302c 0214 4f96 0474 f425 13c9 a617 954d  0,..O..t.%.....M
 0010: 8a5a 5b2e 5097 02fa 0214 0094 93a1 8ec9  .Z[.P...........
 0020: 5de5 ede6 f01a ed44 426c 7dfd 3bdd       ]......DBl}.;.

[ 8910]	send_to_wire eth1
[ 8910]	send_to_wire: len = 58 : 12 0 46
[ 8910]	send_to_wire: total len 0x0064
[ 8910]	daveti: arp_request done
[ 8910]	
***************************************************************

[ 8910]	sarp_get (one packet dispatched from pcap)
[ 8910]	CAPTURED: 0x003e bytes

 0000: 0001 0001 0006 00d0 0195 dc00 0000 0806  ................
 0010: 0001 0800 0604 0001 00d0 0195 dc00 80df  ................
 0020: 0603 0000 0000 0000 80df 0670 0000 0000  ...........p....
 0030: 0000 0000 0000 0000 0000 0000 0000       ..............


[ 8910]	OOR: 0x0040 bytes

 0000: 0000 0000 0000 0000 0000 0000 0000 0000  ................
 0010: 0000 0000 0000 0000 0000 0000 0000 0000  ................
 0020: 0000 0000 0000 0000 0000 0000 0000 0000  ................
 0030: 0000 0000 0000 0000 0000 0000 0000 0000  ................


[ 8910]	PCAP real 0x003e virtual [0x002c]
[ 8910]	ARP REQUEST
[ 8910]	 --> sha  00:D0:01:95:DC:00
[ 8910]	 --> spa  128.223.6.3
[ 8910]	 --> tha  00:00:00:00:00:00
[ 8910]	 --> tpa  128.223.6.112
[ 8910]	daveti: arp_request done
[ 8910]	
***************************************************************

[ 8910]	sarp_get (one packet dispatched from pcap)
[ 8910]	CAPTURED: 0x003e bytes

 0000: 0001 0001 0006 c8bc c89e 67df 0000 0806  ..........g.....
 0010: 0001 0800 0604 0001 c8bc c89e 67df 80df  ............g...
 0020: 06a5 0000 0000 0000 80df 0601 0000 0000  ................
 0030: 0000 0000 0000 0000 0000 0000 0000       ..............


[ 8910]	OOR: 0x0040 bytes

 0000: 0000 0000 0000 0000 0000 0000 0000 0000  ................
 0010: 0000 0000 0000 0000 0000 0000 0000 0000  ................
 0020: 0000 0000 0000 0000 0000 0000 0000 0000  ................
 0030: 0000 0000 0000 0000 0000 0000 0000 0000  ................


[ 8910]	PCAP real 0x003e virtual [0x002c]
[ 8910]	ARP REQUEST
[ 8910]	 --> sha  C8:BC:C8:9E:67:DF
[ 8910]	 --> spa  128.223.6.165
[ 8910]	 --> tha  00:00:00:00:00:00
[ 8910]	 --> tpa  128.223.6.1
[ 8910]	daveti: arp_request done
[ 8910]	
***************************************************************

[ 8910]	sarp_get (one packet dispatched from pcap)
[ 8910]	CAPTURED: 0x003e bytes

 0000: 0001 0001 0006 c82a 140e 6528 0000 0806  .......*..e(....
 0010: 0001 0800 0604 0001 c82a 140e 6528 80df  .........*..e(..
 0020: 06e9 0000 0000 0000 80df 0601 0000 0000  ................
 0030: 0000 0000 0000 0000 0000 0000 0000       ..............


[ 8910]	OOR: 0x0040 bytes

 0000: 0000 0000 0000 0000 0000 0000 0000 0000  ................
 0010: 0000 0000 0000 0000 0000 0000 0000 0000  ................
 0020: 0000 0000 0000 0000 0000 0000 0000 0000  ................
 0030: 0000 0000 0000 0000 0000 0000 0000 0000  ................


[ 8910]	PCAP real 0x003e virtual [0x002c]
[ 8910]	ARP REQUEST
[ 8910]	 --> sha  C8:2A:14:0E:65:28
[ 8910]	 --> spa  128.223.6.233
[ 8910]	 --> tha  00:00:00:00:00:00
[ 8910]	 --> tpa  128.223.6.1
[ 8910]	daveti: arp_request done
[ 8910]	
***************************************************************

[ 8910]	sarp_get (one packet dispatched from pcap)
[ 8910]	CAPTURED: 0x003e bytes

 0000: 0001 0001 0006 70cd 60f2 f0b2 0000 0806  ......p.`.......
 0010: 0001 0800 0604 0001 70cd 60f2 f0b2 80df  ........p.`.....
 0020: 06c1 0000 0000 0000 80df 0601 0000 0000  ................
 0030: 0000 0000 0000 0000 0000 0000 0000       ..............


[ 8910]	OOR: 0x0040 bytes

 0000: 0000 0000 0000 0000 0000 0000 0000 0000  ................
 0010: 0000 0000 0000 0000 0000 0000 0000 0000  ................
 0020: 0000 0000 0000 0000 0000 0000 0000 0000  ................
 0030: 0000 0000 0000 0000 0000 0000 0000 0000  ................


[ 8910]	PCAP real 0x003e virtual [0x002c]
[ 8910]	ARP REQUEST
[ 8910]	 --> sha  70:CD:60:F2:F0:B2
[ 8910]	 --> spa  128.223.6.193
[ 8910]	 --> tha  00:00:00:00:00:00
[ 8910]	 --> tpa  128.223.6.1
[ 8910]	daveti: arp_request done
[ 8910]	
***************************************************************

[ 8910]	sarp_get (one packet dispatched from pcap)
[ 8910]	CAPTURED: 0x003e bytes

 0000: 0001 0001 0006 00d0 0195 dc00 0000 0806  ................
 0010: 0001 0800 0604 0001 00d0 0195 dc00 80df  ................
 0020: 0603 0000 0000 0000 80df 0670 0000 0000  ...........p....
 0030: 0000 0000 0000 0000 0000 0000 0000       ..............


[ 8910]	OOR: 0x0040 bytes

 0000: 0000 0000 0000 0000 0000 0000 0000 0000  ................
 0010: 0000 0000 0000 0000 0000 0000 0000 0000  ................
 0020: 0000 0000 0000 0000 0000 0000 0000 0000  ................
 0030: 0000 0000 0000 0000 0000 0000 0000 0000  ................


[ 8910]	PCAP real 0x003e virtual [0x002c]
[ 8910]	ARP REQUEST
[ 8910]	 --> sha  00:D0:01:95:DC:00
[ 8910]	 --> spa  128.223.6.3
[ 8910]	 --> tha  00:00:00:00:00:00
[ 8910]	 --> tpa  128.223.6.112
[ 8910]	daveti: arp_request done
[ 8910]	
***************************************************************

[ 8910]	sarp_get (one packet dispatched from pcap)
[ 8910]	CAPTURED: 0x003e bytes

 0000: 0001 0001 0006 00d0 0195 dc00 0000 0806  ................
 0010: 0001 0800 0604 0001 00d0 0195 dc00 80df  ................
 0020: 0603 0000 0000 0000 80df 0656 0000 0000  ...........V....
 0030: 0000 0000 0000 0000 0000 0000 0000       ..............


[ 8910]	OOR: 0x0040 bytes

 0000: 0000 0000 0000 0000 0000 0000 0000 0000  ................
 0010: 0000 0000 0000 0000 0000 0000 0000 0000  ................
 0020: 0000 0000 0000 0000 0000 0000 0000 0000  ................
 0030: 0000 0000 0000 0000 0000 0000 0000 0000  ................


[ 8910]	PCAP real 0x003e virtual [0x002c]
[ 8910]	ARP REQUEST
[ 8910]	 --> sha  00:D0:01:95:DC:00
[ 8910]	 --> spa  128.223.6.3
[ 8910]	 --> tha  00:00:00:00:00:00
[ 8910]	 --> tpa  128.223.6.86
[ 8910]	daveti: arp_request done
[ 8910]	
***************************************************************

[ 8910]	sarp_get (one packet dispatched from pcap)
[ 8910]	CAPTURED: 0x003e bytes

 0000: 0001 0001 0006 0013 722e 887e 0000 0806  ........r..~....
 0010: 0001 0800 0604 0001 0013 722e 887e 80df  ..........r..~..
 0020: 0691 0000 0000 0000 80df 06e9 0000 0000  ................
 0030: 0000 0000 0000 0000 0000 0000 0000       ..............


[ 8910]	OOR: 0x0040 bytes

 0000: 0000 0000 0000 0000 0000 0000 0000 0000  ................
 0010: 0000 0000 0000 0000 0000 0000 0000 0000  ................
 0020: 0000 0000 0000 0000 0000 0000 0000 0000  ................
 0030: 0000 0000 0000 0000 0000 0000 0000 0000  ................


[ 8910]	PCAP real 0x003e virtual [0x002c]
[ 8910]	ARP REQUEST
[ 8910]	 --> sha  00:13:72:2E:88:7E
[ 8910]	 --> spa  128.223.6.145
[ 8910]	 --> tha  00:00:00:00:00:00
[ 8910]	 --> tpa  128.223.6.233
[ 8910]	daveti: arp_request done
[ 8910]	
***************************************************************

[ 8910]	sarp_get (one packet dispatched from pcap)
[ 8910]	CAPTURED: 0x003e bytes

 0000: 0001 0001 0006 70cd 60a9 f6b2 0000 0806  ......p.`.......
 0010: 0001 0800 0604 0001 70cd 60a9 f6b2 80df  ........p.`.....
 0020: 06f1 0000 0000 0000 80df 0601 0000 0000  ................
 0030: 0000 0000 0000 0000 0000 0000 0000       ..............


[ 8910]	OOR: 0x0040 bytes

 0000: 0000 0000 0000 0000 0000 0000 0000 0000  ................
 0010: 0000 0000 0000 0000 0000 0000 0000 0000  ................
 0020: 0000 0000 0000 0000 0000 0000 0000 0000  ................
 0030: 0000 0000 0000 0000 0000 0000 0000 0000  ................


[ 8910]	PCAP real 0x003e virtual [0x002c]
[ 8910]	ARP REQUEST
[ 8910]	 --> sha  70:CD:60:A9:F6:B2
[ 8910]	 --> spa  128.223.6.241
[ 8910]	 --> tha  00:00:00:00:00:00
[ 8910]	 --> tpa  128.223.6.1
[ 8910]	daveti: arp_request done
[ 8910]	
***************************************************************

[ 8910]	sarp_get (one packet dispatched from pcap)
[ 8910]	CAPTURED: 0x003e bytes

 0000: 0001 0001 0006 00d0 0195 dc00 0000 0806  ................
 0010: 0001 0800 0604 0001 00d0 0195 dc00 80df  ................
 0020: 0603 0000 0000 0000 80df 0642 0000 0000  ...........B....
 0030: 0000 0000 0000 0000 0000 0000 0000       ..............


[ 8910]	OOR: 0x0040 bytes

 0000: 0000 0000 0000 0000 0000 0000 0000 0000  ................
 0010: 0000 0000 0000 0000 0000 0000 0000 0000  ................
 0020: 0000 0000 0000 0000 0000 0000 0000 0000  ................
 0030: 0000 0000 0000 0000 0000 0000 0000 0000  ................


[ 8910]	PCAP real 0x003e virtual [0x002c]
[ 8910]	ARP REQUEST
[ 8910]	 --> sha  00:D0:01:95:DC:00
[ 8910]	 --> spa  128.223.6.3
[ 8910]	 --> tha  00:00:00:00:00:00
[ 8910]	 --> tpa  128.223.6.66
[ 8910]	daveti: arp_request done
[ 8910]	
***************************************************************

[ 8910]	sarp_get (one packet dispatched from pcap)
[ 8910]	CAPTURED: 0x003e bytes

 0000: 0001 0001 0006 00d0 0195 dc00 0000 0806  ................
 0010: 0001 0800 0604 0001 00d0 0195 dc00 80df  ................
 0020: 0603 0000 0000 0000 80df 0670 0000 0000  ...........p....
 0030: 0000 0000 0000 0000 0000 0000 0000       ..............


[ 8910]	OOR: 0x0040 bytes

 0000: 0000 0000 0000 0000 0000 0000 0000 0000  ................
 0010: 0000 0000 0000 0000 0000 0000 0000 0000  ................
 0020: 0000 0000 0000 0000 0000 0000 0000 0000  ................
 0030: 0000 0000 0000 0000 0000 0000 0000 0000  ................


[ 8910]	PCAP real 0x003e virtual [0x002c]
[ 8910]	ARP REQUEST
[ 8910]	 --> sha  00:D0:01:95:DC:00
[ 8910]	 --> spa  128.223.6.3
[ 8910]	 --> tha  00:00:00:00:00:00
[ 8910]	 --> tpa  128.223.6.112
[ 8910]	daveti: arp_request done
[ 8910]	Signal handler... (caught SIGNAL: 2) | Interrupt
[ 8910]	neigh_enable_kernel
